openwrt_build
å½“å‰é€‰æ‹©ç¼–è¯‘çš„è®¾å¤‡ï¼švplus
å½“å‰é€‰æ‹©ç¼–è¯‘çš„é…ç½®ï¼šarmv8
0413de9044832b548189193843887c1cad31d77737f68519a43d9b4d9891a95a
ä»…æ‰“åŒ…é€‰é¡¹æœªå¼€å¯ï¼Œè¿›å…¥ç¼–è¯‘æµç¨‹
å¼€å§‹ä¸‹è½½ä¾èµ–
make[1] tools/download
make[2] target/prereq
make[2] -C tools/autoconf download
make[2] -C tools/autoconf-archive download
make[2] -C tools/automake download
make[2] -C tools/bc download
make[2] -C tools/bison download
make[2] -C tools/cmake download
make[2] -C tools/cpio download
make[2] -C tools/dosfstools download
make[2] -C tools/e2fsprogs download
make[2] -C tools/expat download
make[2] -C tools/fakeroot download
make[2] -C tools/findutils download
make[2] -C tools/firmware-utils download
make[2] -C tools/flex download
make[2] -C tools/gengetopt download
make[2] -C tools/libressl download
make[2] -C tools/libtool download
make[2] -C tools/lzma download
make[2] -C tools/m4 download
make[2] -C tools/make-ext4fs download
make[2] -C tools/meson download
make[2] -C tools/missing-macros download
make[2] -C tools/mkimage download
make[2] -C tools/mklibs download
make[2] -C tools/mtd-utils download
make[2] -C tools/mtools download
make[2] -C tools/ninja download
make[2] -C tools/padjffs2 download
make[2] -C tools/patch-image download
make[2] -C tools/patchelf download
make[2] -C tools/pkgconf download
make[2] -C tools/quilt download
make[2] -C tools/squashfskit4 download
make[2] -C tools/sstrip download
make[2] -C tools/zip download
make[2] -C tools/zlib download
make[2] -C tools/zstd download
make[3] -C target/linux prereq
make[2] -C tools/gmp download
make[2] -C tools/mpc download
make[2] -C tools/mpfr download
make[2] -C tools/elfutils download
make[2] -C tools/libdeflate download
make[2] -C tools/patch download
make[2] -C tools/xz download
make[2] -C tools/tar download
make[2] -C tools/flock download
make[2] -C tools/sed download
make[1] toolchain/download
make[2] -C toolchain/kernel-headers download
make[2] -C toolchain/gdb download
make[2] -C toolchain/binutils download
make[2] -C toolchain/gcc/initial download
make[2] -C toolchain/gcc/final download
make[2] -C toolchain/musl download
make[2] -C toolchain/fortify-headers download
make[1] package/download
make[2] -C feeds/kenzo/filebrowser download
make[2] -C package/base-files download
make[2] -C feeds/kenzo/lua-maxminddb download
make[2] -C feeds/kenzo/lua-neturl download
make[2] -C feeds/kenzo/luci-app-adguardhome download
make[2] -C feeds/kenzo/luci-app-amlogic download
make[2] -C feeds/kenzo/luci-app-eqos download
make[2] -C feeds/kenzo/luci-app-filebrowser download
make[2] -C feeds/kenzo/luci-app-passwall download
make[2] -C feeds/kenzo/luci-lib-taskd download
make[2] -C feeds/kenzo/luci-lib-xterm download
make[2] -C feeds/kenzo/luci-theme-argonne download
make[2] -C feeds/kenzo/luci-app-lucky/lucky download
make[2] -C feeds/kenzo/microsocks download
make[2] -C feeds/kenzo/naiveproxy download
make[2] -C feeds/kenzo/redsocks2 download
make[2] -C feeds/kenzo/taskd download
make[2] -C feeds/kenzo/tcping download
make[2] -C feeds/luci/collections/luci download
make[2] -C feeds/luci/applications/luci-app-acme download
make[2] -C feeds/luci/applications/luci-app-arpbind download
make[2] -C feeds/luci/applications/luci-app-autoreboot download
make[2] -C feeds/luci/applications/luci-app-cifs-mount download
make[2] -C feeds/luci/applications/luci-app-diskman download
make[2] -C feeds/luci/applications/luci-app-docker download
make[2] -C feeds/luci/applications/luci-app-dockerman download
make[2] -C feeds/luci/applications/luci-app-filetransfer download
make[2] -C feeds/luci/applications/luci-app-firewall download
make[2] -C feeds/luci/applications/luci-app-frpc download
make[2] -C feeds/luci/applications/luci-app-hd-idle download
make[2] -C feeds/luci/applications/luci-app-n2n download
make[2] -C feeds/luci/applications/luci-app-nlbwmon download
make[2] -C feeds/luci/applications/luci-app-pushbot download
make[2] -C feeds/luci/applications/luci-app-ramfree download
make[2] -C feeds/luci/applications/luci-app-samba4 download
make[2] -C feeds/luci/applications/luci-app-socat download
make[2] -C feeds/luci/applications/luci-app-transmission download
make[2] -C feeds/luci/applications/luci-app-ttyd download
make[2] -C feeds/luci/applications/luci-app-turboacc download
make[2] -C feeds/luci/applications/luci-app-uhttpd download
make[2] -C feeds/luci/applications/luci-app-upnp download
make[2] -C feeds/luci/applications/luci-app-vsftpd download
make[2] -C feeds/luci/applications/luci-app-watchcat download
make[2] -C feeds/luci/applications/luci-app-wrtbwmon download
make[2] -C feeds/luci/modules/luci-base download
make[2] -C feeds/luci/modules/luci-compat download
make[2] -C feeds/luci/collections/luci-lib-docker download
make[2] -C feeds/luci/libs/luci-lib-fs download
make[2] -C feeds/luci/libs/luci-lib-ip download
make[2] -C feeds/luci/libs/luci-lib-ipkg download
make[2] -C feeds/luci/libs/luci-lib-jsonc download
make[2] -C feeds/luci/libs/luci-lib-nixio download
make[2] -C feeds/luci/modules/luci-mod-admin-full download
make[2] -C feeds/luci/modules/luci-newapi download
make[2] -C feeds/luci/protocols/luci-proto-ipv6 download
make[2] -C feeds/luci/protocols/luci-proto-ppp download
make[2] -C feeds/luci/themes/luci-theme-bootstrap download
make[2] -C feeds/luci/themes/luci-theme-material download
make[2] -C feeds/luci/themes/luci-theme-netgear download
make[2] -C feeds/luci/libs/rpcd-mod-rrdns download
make[2] -C feeds/packages/net/acme download
make[2] -C feeds/packages/net/adguardhome download
make[2] -C feeds/packages/utils/attr download
make[2] -C feeds/packages/libs/avahi download
make[2] -C feeds/packages/net/banip download
make[2] -C feeds/packages/libs/avahi download
make[2] -C feeds/packages/utils/bash download
make[2] -C feeds/packages/libs/avahi download
make[2] -C feeds/packages/libs/boost download
make[2] -C feeds/packages/utils/btrfs-progs download
make[2] -C feeds/packages/libs/c-ares download
make[2] -C feeds/packages/utils/cgroupfs-mount download
make[2] -C feeds/packages/utils/collectd download
make[2] -C feeds/packages/utils/containerd download
make[2] -C feeds/packages/utils/coremark download
make[2] -C feeds/packages/utils/coreutils download
make[2] -C feeds/packages/net/curl download
make[2] -C feeds/packages/utils/dbus download
make[2] -C feeds/packages/net/ddns-scripts download
make[2] -C feeds/packages/utils/docker download
make[2] -C feeds/packages/utils/docker-compose download
make[2] -C feeds/packages/utils/dockerd download
make[2] -C feeds/packages/utils/dosfstools download
make[2] -C feeds/packages/net/etherwake download
make[2] -C feeds/packages/libs/expat download
make[2] -C feeds/packages/net/frp download
make[2] -C feeds/packages/libs/gdbm download
make[2] -C feeds/packages/libs/gnutls download
make[2] -C feeds/packages/net/haproxy download
make[2] -C feeds/packages/utils/hd-idle download
make[2] -C feeds/packages/admin/htop download
make[2] -C feeds/packages/net/iperf3 download
make[2] -C feeds/packages/net/iputils download
make[2] -C feeds/packages/utils/jq download
make[2] -C feeds/packages/libs/libdaemon download
make[2] -C feeds/packages/libs/libev download
make[2] -C feeds/packages/libs/libffi download
make[2] -C feeds/packages/libs/libmaxminddb download
make[2] -C feeds/packages/libs/libnatpmp download
make[2] -C feeds/packages/utils/libnetwork download
make[2] -C feeds/packages/libs/libseccomp download
make[2] -C feeds/packages/libs/libsodium download
make[2] -C feeds/packages/libs/libtasn1 download
make[2] -C feeds/packages/libs/libtirpc download
make[2] -C feeds/packages/libs/liburing download
make[2] -C feeds/packages/libs/libuv download
make[2] -C feeds/packages/libs/libwebsockets download
make[2] -C feeds/packages/utils/lsof download
make[2] -C feeds/packages/utils/lvm2 download
make[2] -C feeds/packages/libs/lzo download
make[2] -C feeds/packages/net/miniupnpc download
make[2] -C feeds/packages/net/miniupnpd download
make[2] -C feeds/packages/net/n2n download
make[2] -C feeds/packages/net/netperf download
make[2] -C feeds/packages/libs/nghttp2 download
make[2] -C feeds/packages/net/nlbwmon download
make[2] -C feeds/packages/net/openssh download
make[2] -C feeds/packages/utils/parted download
make[2] -C feeds/packages/net/pdnsd-alt download
make[2] -C feeds/packages/lang/perl download
make[2] -C feeds/packages/lang/perl-http-date download
make[2] -C feeds/packages/lang/perl-xml-parser download
make[2] -C feeds/packages/utils/pv download
make[2] -C feeds/packages/lang/python/python3 download
make[2] -C feeds/packages/utils/rrdtool1 download
make[2] -C feeds/packages/net/rsync download
make[2] -C feeds/packages/utils/runc download
make[2] -C feeds/packages/net/samba4 download
make[2] -C feeds/packages/net/shadowsocks-libev download
make[2] -C feeds/packages/net/smartdns download
make[2] -C feeds/packages/utils/smartmontools download
make[2] -C feeds/packages/net/socat download
make[2] -C feeds/packages/libs/sqlite3 download
make[2] -C feeds/packages/utils/tini download
make[2] -C feeds/packages/net/transmission download
make[2] -C feeds/packages/net/transmission-web-control download
make[2] -C feeds/packages/utils/ttyd download
make[2] -C feeds/packages/libs/udns download
make[2] -C feeds/packages/utils/unzip download
make[2] -C feeds/packages/net/uwsgi download
make[2] -C feeds/packages/net/v2ray-geodata download
make[2] -C feeds/packages/utils/watchcat download
make[2] -C feeds/packages/net/wget download
make[2] -C feeds/packages/net/wsdd2 download
make[2] -C feeds/packages/utils/xz download
make[2] -C feeds/packages/utils/zsh download
make[2] -C feeds/packages/utils/zstd download
make[2] -C feeds/small8/brook download
make[2] -C feeds/small8/cdnspeedtest download
make[2] -C feeds/small8/chinadns-ng download
make[2] -C feeds/small8/ddnsgo download
make[2] -C feeds/small8/dns2socks download
make[2] -C feeds/small8/dns2tcp download
make[2] -C feeds/small8/homebox download
make[2] -C feeds/small8/hysteria download
make[2] -C feeds/small8/ipt2socks download
make[2] -C feeds/small8/luci-app-emby download
make[2] -C feeds/small8/luci-app-nastools download
make[2] -C feeds/small8/luci-app-netspeedtest download
make[2] -C feeds/small8/luci-app-onliner download
make[2] -C feeds/small8/luci-app-rtbwmon download
make[2] -C feeds/small8/luci-app-tencentcloud-cos download
make[2] -C feeds/small8/luci-app-tencentddns download
make[2] -C feeds/small8/luci-app-wolplus download
make[2] -C feeds/small8/luci-app-xunlei download
make[2] -C feeds/small8/luci-lib-iform download
make[2] -C feeds/small8/shadowsocks-rust download
make[2] -C feeds/small8/shadowsocksr-libev download
make[2] -C feeds/small8/simple-obfs download
make[2] -C feeds/small8/speedtest-web download
make[2] -C feeds/small8/trojan download
make[2] -C feeds/small8/trojan-go download
make[2] -C feeds/small8/trojan-plus download
make[2] -C feeds/small8/v2ray-core download
make[2] -C feeds/small8/v2ray-plugin download
make[2] -C feeds/small8/xray-core download
make[2] -C feeds/small8/xray-plugin download
make[2] -C package/firmware/linux-firmware download
make[2] -C package/kernel/cryptodev-linux download
make[2] -C package/kernel/linux download
make[2] -C package/lean/automount download
make[2] -C package/lean/ddns-scripts_aliyun download
make[2] -C package/lean/ddns-scripts_dnspod download
make[2] -C package/lean/default-settings download
make[2] -C package/lean/ntfs3-mount download
make[2] -C package/lean/r8125 download
make[2] -C package/lean/r8152 download
make[2] -C package/lean/r8168 download
make[2] -C package/lean/vsftpd-alt download
make[2] -C package/lean/wol download
make[2] -C package/libs/elfutils download
make[2] -C package/libs/gmp download
make[2] -C package/libs/jansson download
make[2] -C package/libs/libcap download
make[2] -C package/libs/libevent2 download
make[2] -C package/libs/libjson-c download
make[2] -C package/libs/libmnl download
make[2] -C package/libs/libnftnl download
make[2] -C package/libs/libnl-tiny download
make[2] -C package/libs/libpcap download
make[2] -C package/libs/libtool download
make[2] -C package/libs/libubox download
make[2] -C package/libs/mbedtls download
make[2] -C package/libs/ncurses download
make[2] -C package/libs/nettle download
make[2] -C package/libs/openssl download
make[2] -C package/libs/pcre download
make[2] -C package/libs/popt download
make[2] -C package/libs/readline download
make[2] -C package/libs/sysfsutils download
make[2] -C package/libs/toolchain download
make[2] -C package/libs/uclient download
make[2] -C package/libs/ustream-ssl download
make[2] -C package/libs/zlib download
make[2] -C package/network/config/firewall download
make[2] -C package/network/config/netifd download
make[2] -C package/network/services/dnsmasq download
make[2] -C package/network/services/dropbear download
make[2] -C package/network/services/fullconenat download
make[2] -C package/network/services/ppp download
make[2] -C package/network/services/shellsync download
make[2] -C package/network/services/uhttpd download
make[2] -C package/network/utils/bpftools download
make[2] -C package/network/utils/iproute2 download
make[2] -C package/network/utils/ipset download
make[2] -C package/network/utils/iptables download
make[2] -C package/network/utils/iproute2 download
make[2] -C package/network/utils/iwinfo download
make[2] -C package/network/utils/nftables download
make[2] -C package/network/utils/resolveip download
make[2] -C package/qat/libs/eudev download
make[2] -C package/system/ca-certificates download
make[2] -C package/system/fstools download
make[2] -C package/system/fwtool download
make[2] -C package/system/mtd download
make[2] -C package/system/openwrt-keyring download
make[2] -C package/system/opkg download
make[2] -C package/system/procd download
make[2] -C package/system/rpcd download
make[2] -C package/system/ubox download
make[2] -C package/system/ubus download
make[2] -C package/system/uci download
make[2] -C package/system/urandom-seed download
make[2] -C package/system/urngd download
make[2] -C package/system/usign download
make[2] -C package/utils/busybox download
make[2] -C package/utils/bzip2 download
make[2] -C package/utils/e2fsprogs download
make[2] -C package/utils/f2fs-tools download
make[2] -C package/utils/jsonfilter download
make[2] -C package/utils/f2fs-tools download
make[2] -C package/utils/lua download
make[2] -C package/utils/f2fs-tools download
make[2] -C package/utils/lua5.3 download
make[2] -C package/utils/f2fs-tools download
make[2] -C package/utils/ucode download
make[2] -C package/utils/util-linux download
make[1] target/download
make[2] -C target/linux download
ç¼–è¯‘ä¾èµ–ä¸‹è½½å®Œæ¯•
å¼€å§‹ç¼–è¯‘
make[2]: Entering directory '/opt/openwrt/scripts/config'
make[2]: 'conf' is up to date.
make[2]: Leaving directory '/opt/openwrt/scripts/config'
WARNING: your configuration is out of sync. Please run make menuconfig, oldconfig or defconfig!
make[1] world
make[2] target/compile
make[2] package/cleanup
make[3] -C target/linux compile
make[2] buildinfo
make[2] package/compile
make[3] diffconfig buildversion feedsversion
make[3] -C package/libs/libjson-c host-compile
make[3] -C package/libs/toolchain compile
make[4] scripts/config/conf
make[3] -C package/libs/ncurses host-compile
make[3] -C package/libs/zlib compile
make[3] -C package/system/fwtool host-compile
make[3] -C package/system/usign host-compile
make[3] -C package/system/openwrt-keyring compile
make[3] -C feeds/packages/lang/golang/golang host-compile
make[3] -C feeds/packages/libs/libffi host-compile
make[3] -C package/utils/bzip2 host-compile
make[3] -C feeds/packages/libs/libmaxminddb compile
make[3] -C feeds/packages/utils/xz compile
make[3] -C package/libs/pcre compile
make[3] -C feeds/luci/modules/luci-base host-compile
make[3] -C package/utils/lua host-compile
make[3] -C feeds/packages/utils/dosfstools compile
make[3] -C feeds/packages/libs/libxml2 compile
make[3] -C feeds/packages/libs/gdbm compile
make[3] -C feeds/packages/lang/perl host-compile
make[3] -C feeds/packages/utils/pv compile
make[3] -C package/utils/e2fsprogs host-compile
make[3] -C package/libs/libmnl compile
make[3] -C package/devel/binutils compile
make[3] -C package/utils/bzip2 compile
make[3] -C package/libs/argp-standalone compile
make[3] -C package/libs/musl-fts compile
make[3] -C feeds/kenzo/microsocks compile
make[3] -C feeds/kenzo/tcping compile
make[3] -C feeds/packages/utils/attr compile
make[3] -C package/libs/gmp compile
make[3] -C package/libs/libcap compile
make[3] -C package/system/ca-certificates compile
make[3] -C feeds/packages/libs/nghttp2 compile
make[3] -C feeds/packages/utils/unzip compile
make[3] -C feeds/small8/dns2socks compile
make[3] -C feeds/small8/dns2tcp compile
make[3] -C package/network/utils/resolveip compile
make[3] -C feeds/small8/brook compile
make[3] -C package/libs/libtool compile
make[3] -C package/utils/lua5.3 compile
make[3] -C feeds/small8/hysteria compile
make[3] -C feeds/kenzo/naiveproxy compile
make[3] -C feeds/packages/libs/libev compile
make[3] -C feeds/packages/libs/libsodium compile
make[3] -C feeds/packages/libs/udns compile
make[3] -C feeds/packages/libs/c-ares compile
make[3] -C package/libs/mbedtls compile
make[3] -C feeds/small8/simple-obfs compile
make[3] -C feeds/small8/trojan-go compile
make[3] -C feeds/packages/libs/boost host-compile
make[3] -C feeds/small8/v2ray-core compile
make[3] -C feeds/packages/net/v2ray-geodata compile
make[3] -C feeds/small8/v2ray-plugin compile
make[3] -C feeds/small8/xray-core compile
make[3] -C feeds/small8/xray-plugin compile
make[3] -C feeds/kenzo/luci-lib-xterm compile
make[3] -C package/libs/libsepol compile
make[3] -C feeds/kenzo/luci-theme-argonne compile
make[3] -C feeds/kenzo/luci-app-lucky/lucky compile
make[3] -C feeds/packages/net/socat compile
make[3] -C package/libs/gettext-full host-compile
make[3] -C package/libs/nettle compile
make[3] -C feeds/packages/libs/lzo compile
make[3] -C feeds/packages/utils/docker compile
make[3] -C feeds/packages/libs/gperf host-compile
make[3] -C feeds/packages/utils/libnetwork compile
make[3] -C feeds/packages/utils/tini compile
make[3] -C feeds/packages/libs/libaio compile
make[3] -C feeds/packages/libs/libuv compile
make[3] -C package/lean/ucl host-compile
make[3] -C feeds/packages/utils/hd-idle compile
make[3] -C feeds/packages/utils/zstd compile
make[3] -C package/libs/libpcap compile
make[3] -C feeds/packages/utils/jq compile
make[3] -C feeds/luci/applications/luci-app-ramfree compile
make[3] -C feeds/packages/libs/libtasn1 compile
make[3] -C feeds/packages/libs/libtasn1 host-compile
make[3] -C feeds/packages/libs/libtirpc compile
make[3] -C feeds/packages/lang/perl-parse-yapp host-compile
make[3] -C feeds/packages/libs/rpcsvc-proto host-compile
make[3] -C package/libs/popt compile
make[3] -C feeds/packages/libs/liburing compile
make[3] -C feeds/packages/libs/expat compile
make[3] -C feeds/packages/libs/libdaemon compile
make[3] -C feeds/luci/applications/luci-app-socat compile
make[3] -C feeds/packages/libs/libnatpmp compile
make[3] -C feeds/packages/net/miniupnpc compile
make[3] -C feeds/packages/net/pdnsd-alt compile
make[3] -C feeds/packages/utils/watchcat compile
make[3] -C feeds/luci/protocols/luci-proto-ipv6 compile
make[3] -C feeds/luci/themes/luci-theme-material compile
make[3] -C feeds/luci/themes/luci-theme-netgear compile
make[3] -C feeds/packages/utils/rrdtool1 compile
make[3] -C feeds/packages/utils/coremark compile
make[3] -C feeds/packages/utils/docker-compose compile
make[3] -C feeds/packages/net/etherwake compile
make[3] -C feeds/packages/libs/libffi compile
make[3] -C feeds/packages/utils/lsof compile
make[3] -C feeds/packages/net/netperf compile
make[3] -C feeds/packages/libs/libpam compile
make[3] -C feeds/packages/libs/pcre2 compile
make[3] -C feeds/packages/libs/libical compile
make[3] -C feeds/packages/lang/python/python-pip-conf compile
make[3] -C feeds/packages/libs/sqlite3 compile
make[3] -C feeds/packages/net/wsdd2 compile
make[3] -C feeds/small8/cdnspeedtest compile
make[3] -C feeds/small8/ddnsgo compile
make[3] -C feeds/small8/homebox host-compile
make[3] -C feeds/small8/ipt2socks compile
make[3] -C feeds/small8/luci-app-wolplus compile
make[3] -C feeds/small8/shadowsocks-rust compile
make[3] -C feeds/small8/speedtest-web compile
make[3] -C package/lean/r8125 compile
make[3] -C package/lean/r8168 compile
make[3] -C package/lean/wol compile
make[3] -C package/libs/jansson compile
make[3] -C package/libs/libnftnl compile
make[3] -C package/libs/sysfsutils compile
make[3] -C package/network/services/dropbear compile
make[3] -C package/network/utils/linux-atm compile
make[3] -C package/qat/libs/eudev compile
make[3] -C package/libs/libubox host-compile
make[3] -C package/libs/libnl-tiny compile
make[3] -C package/libs/libjson-c compile
make[3] -C package/utils/lua compile
make[3] -C package/firmware/linux-firmware compile
make[3] -C package/libs/ncurses compile
make[3] -C package/system/fwtool compile
make[3] -C package/system/ucert host-compile
make[3] -C feeds/packages/lang/python/python3 host-compile
make[3] -C feeds/kenzo/lua-maxminddb compile
make[3] -C feeds/kenzo/lua-neturl compile
make[3] -C feeds/luci/libs/luci-lib-ip compile
make[3] -C feeds/luci/libs/luci-lib-jsonc compile
make[3] -C feeds/luci/protocols/luci-proto-ppp compile
make[3] -C feeds/luci/themes/luci-theme-bootstrap compile
make[3] -C package/libs/readline compile
make[3] -C feeds/packages/libs/db47 compile
make[3] -C package/libs/elfutils compile
make[3] -C feeds/packages/utils/acl compile
make[3] -C feeds/packages/libs/boost compile
make[3] -C package/libs/libselinux compile
make[3] -C feeds/packages/libs/gnutls compile
make[3] -C feeds/packages/libs/libseccomp compile
make[3] -C feeds/luci/collections/luci-lib-docker compile
make[3] -C package/lean/upx host-compile
make[3] -C feeds/luci/applications/luci-app-hd-idle compile
make[3] -C feeds/packages/net/samba4 host-compile
make[3] -C feeds/packages/utils/dbus compile
make[3] -C feeds/luci/applications/luci-app-watchcat compile
make[3] -C feeds/packages/admin/htop compile
make[3] -C feeds/packages/libs/glib2 compile
make[3] -C feeds/packages/utils/zsh compile
make[3] -C feeds/small8/homebox compile
make[3] -C feeds/small8/luci-lib-iform compile
make[3] -C package/utils/busybox compile
make[3] -C package/system/opkg host-compile
make[3] -C package/libs/libubox compile
make[3] -C package/kernel/linux compile
make[3] -C package/utils/util-linux compile
make[3] -C package/utils/jsonfilter compile
make[3] -C package/system/usign compile
make[3] -C feeds/packages/lang/node host-compile
make[3] -C feeds/packages/utils/bash compile
make[3] -C feeds/packages/utils/parted compile
make[3] -C feeds/packages/lang/perl compile
make[3] -C package/utils/e2fsprogs compile
make[3] -C package/network/utils/bpftools compile
make[3] -C feeds/packages/utils/coreutils compile
make[3] -C feeds/packages/mail/msmtp compile
make[3] -C feeds/packages/utils/runc compile
make[3] -C feeds/packages/net/frp compile
make[3] -C feeds/packages/libs/avahi compile
make[3] -C feeds/packages/libs/avahi compile
make[3] -C feeds/packages/libs/avahi compile
make[3] -C feeds/luci/applications/luci-app-turboacc compile
make[3] -C feeds/packages/lang/node-yarn host-compile
make[3] -C feeds/packages/utils/cgroupfs-mount compile
make[3] -C feeds/packages/lang/perl-http-date compile
make[3] -C feeds/packages/lang/perl-xml-parser compile
make[3] -C feeds/packages/utils/bluez compile
make[3] -C feeds/packages/net/rsync compile
make[3] -C package/lean/ntfs3-mount compile
make[3] -C package/lean/r8152 compile
make[3] -C package/network/services/shellsync compile
make[3] -C package/network/utils/nftables compile
make[3] -C package/system/mtd compile
make[3] -C package/system/urngd compile
make[3] -C package/utils/f2fs-tools compile
make[3] -C package/system/ubus compile
make[3] -C package/utils/f2fs-tools compile
make[3] -C package/utils/f2fs-tools compile
make[3] -C package/utils/f2fs-tools compile
make[3] -C package/system/uci compile
make[3] -C feeds/kenzo/filebrowser compile
make[3] -C package/kernel/cryptodev-linux compile
make[3] -C package/network/utils/iptables compile
make[3] -C package/network/utils/iwinfo compile
make[3] -C package/utils/ucode compile
make[3] -C package/network/utils/iproute2 compile
make[3] -C package/network/utils/iproute2 compile
make[3] -C package/network/utils/ipset compile
make[3] -C feeds/luci/applications/luci-app-cifs-mount compile
make[3] -C feeds/packages/utils/btrfs-progs compile
make[3] -C feeds/packages/utils/lvm2 compile
make[3] -C feeds/packages/net/nlbwmon compile
make[3] -C feeds/packages/net/iputils compile
make[3] -C feeds/packages/net/miniupnpd compile
make[3] -C package/lean/vsftpd-alt compile
make[3] -C feeds/packages/net/adguardhome compile
make[3] -C feeds/packages/net/banip compile
make[3] -C feeds/packages/utils/collectd compile
make[3] -C feeds/small8/luci-app-rtbwmon compile
make[3] -C feeds/small8/luci-app-tencentcloud-cos compile
make[3] -C package/network/services/dnsmasq compile
make[3] -C package/network/services/ppp compile
make[3] -C package/network/config/netifd compile
make[3] -C package/system/ubox compile
make[3] -C package/libs/openssl compile
make[3] -C package/network/services/fullconenat compile
make[3] -C package/system/rpcd compile
make[3] -C package/libs/ustream-ssl compile
make[3] -C feeds/kenzo/luci-app-filebrowser compile
make[3] -C feeds/packages/net/curl compile
make[3] -C feeds/small8/chinadns-ng compile
make[3] -C feeds/packages/net/haproxy compile
make[3] -C feeds/small8/shadowsocksr-libev compile
make[3] -C feeds/packages/net/shadowsocks-libev compile
make[3] -C feeds/small8/trojan-plus compile
make[3] -C package/libs/libevent2 compile
make[3] -C feeds/luci/applications/luci-app-arpbind compile
make[3] -C feeds/packages/mail/nail compile
make[3] -C feeds/packages/utils/containerd compile
make[3] -C feeds/packages/libs/libwebsockets compile
make[3] -C package/libs/uclient compile
make[3] -C feeds/packages/net/n2n compile
make[3] -C feeds/luci/applications/luci-app-nlbwmon compile
make[3] -C feeds/luci/applications/luci-app-pushbot compile
make[3] -C feeds/packages/net/samba4 compile
make[3] -C feeds/packages/net/transmission compile
make[3] -C feeds/luci/applications/luci-app-upnp compile
make[3] -C feeds/luci/applications/luci-app-vsftpd compile
make[3] -C feeds/luci/applications/luci-app-wrtbwmon compile
make[3] -C feeds/packages/net/bind compile
make[3] -C feeds/packages/net/iperf3 compile
make[3] -C feeds/packages/net/openssh compile
make[3] -C feeds/packages/lang/python/python3 compile
make[3] -C feeds/packages/net/smartdns compile
make[3] -C feeds/small8/luci-app-onliner compile
make[3] -C feeds/small8/luci-app-tencentddns compile
make[3] -C feeds/small8/trojan compile
make[3] -C package/system/opkg compile
make[3] -C package/system/urandom-seed compile
make[3] -C package/system/fstools compile
make[3] -C feeds/packages/net/wget compile
make[3] -C feeds/luci/libs/luci-lib-nixio compile
make[3] -C package/network/config/firewall compile
make[3] -C feeds/luci/modules/luci-base compile
make[3] -C feeds/luci/libs/rpcd-mod-rrdns compile
make[3] -C package/network/services/uhttpd compile
make[3] -C feeds/kenzo/luci-app-eqos compile
make[3] -C feeds/luci/modules/luci-compat compile
make[3] -C package/system/procd compile
make[3] -C feeds/kenzo/redsocks2 compile
make[3] -C feeds/packages/net/acme compile
make[3] -C feeds/packages/utils/smartmontools compile
make[3] -C feeds/packages/utils/dockerd compile
make[3] -C feeds/packages/utils/ttyd compile
make[3] -C feeds/luci/libs/luci-lib-fs compile
make[3] -C feeds/luci/applications/luci-app-frpc compile
make[3] -C feeds/luci/applications/luci-app-n2n compile
make[3] -C feeds/luci/applications/luci-app-samba4 compile
make[3] -C feeds/packages/net/transmission-web-control compile
make[3] -C feeds/luci/applications/luci-app-ttyd compile
make[3] -C feeds/luci/applications/luci-app-uhttpd compile
make[3] -C feeds/luci/libs/luci-lib-ipkg compile
make[3] -C feeds/luci/modules/luci-newapi compile
make[3] -C feeds/packages/net/ddns-scripts compile
make[3] -C feeds/small8/luci-app-xunlei compile
make[3] -C package/lean/automount compile
make[3] -C package/lean/ddns-scripts_aliyun compile
make[3] -C package/lean/ddns-scripts_dnspod compile
make[3] -C package/base-files compile
make[3] -C feeds/kenzo/luci-app-adguardhome compile
make[3] -C feeds/luci/applications/luci-app-firewall compile
make[3] -C feeds/luci/modules/luci-mod-admin-full compile
make[3] -C feeds/kenzo/luci-app-passwall compile
make[3] -C feeds/kenzo/taskd compile
make[3] -C feeds/luci/applications/luci-app-acme compile
make[3] -C feeds/luci/applications/luci-app-diskman compile
make[3] -C feeds/luci/applications/luci-app-docker compile
make[3] -C feeds/luci/applications/luci-app-dockerman compile
make[3] -C feeds/luci/applications/luci-app-filetransfer compile
make[3] -C feeds/luci/applications/luci-app-transmission compile
make[3] -C feeds/luci/collections/luci compile
make[3] -C feeds/kenzo/luci-lib-taskd compile
make[3] -C feeds/luci/applications/luci-app-autoreboot compile
make[3] -C feeds/small8/luci-app-emby compile
make[3] -C feeds/small8/luci-app-nastools compile
make[3] -C package/lean/default-settings compile
make[3] -C feeds/kenzo/luci-app-amlogic compile
make[3] -C feeds/packages/net/uwsgi compile
make[3] -C feeds/small8/luci-app-netspeedtest compile
make[2] package/install
make[2] target/install
make[3] -C target/linux install
make[2] package/index
make[2] json_overview_image_info
make[2] checksum
ARMç›’å­å›ºä»¶å·²å­˜åœ¨
ç¼–è¯‘å®Œæ¯•
æœªæ‰¾åˆ°å†…æ ¸ï¼Œæ­£åœ¨ä¸‹è½½æœ€æ–°å†…æ ¸
Cloning into '/opt/kernel'...
Updating files:  99% (539/543)Updating files: 100% (543/543)Updating files: 100% (543/543), done.
å†…æ ¸ä¸‹è½½å®Œæ¯•
å½“å‰ä»“åº“æœ€æ–°å†…æ ¸ç‰ˆæœ¬ï¼š6.1.18-flippy-82+
å¼€å§‹è¿›è¡Œæ‰“åŒ…
æœªæ‰¾åˆ°æ‰“åŒ…æºç ï¼Œæ­£åœ¨æ£€å‡ºæºç 
Cloning into '/opt/openwrt_packit'...
Updating files:  83% (829/994)Updating files:  84% (835/994)Updating files:  85% (845/994)Updating files:  86% (855/994)Updating files:  87% (865/994)Updating files:  88% (875/994)Updating files:  89% (885/994)Updating files:  90% (895/994)Updating files:  91% (905/994)Updating files:  92% (915/994)Updating files:  93% (925/994)Updating files:  94% (935/994)Updating files:  95% (945/994)Updating files:  96% (955/994)Updating files:  97% (965/994)Updating files:  98% (975/994)Updating files:  99% (985/994)Updating files: 100% (994/994)Updating files: 100% (994/994), done.
æ‰“åŒ…æºç ä¸åº•åŒ…å‡†å¤‡å®Œæ¯•
========================= begin ./mk_h6_vplus.sh =================
The work directory is : [/opt/openwrt_packit/tmp]
The temporary directory is : [/opt/openwrt_packit/tmp/tmp.vivO7GewTi]
The target boot directory is : [/opt/openwrt_packit/tmp/tmp.vivO7GewTi/tgt_boot]
The target rootfs directory is : [/opt/openwrt_packit/tmp/tmp.vivO7GewTi/tgt_root]
The output directory is : [/opt/openwrt_packit/output/]

Use /opt/openwrt_packit/openwrt-armvirt-64-default-rootfs.tar.gz as openwrt rootfs!
check mkfs.btrfs ok
check mkfs.vfat ok
check gawk ok
check uuidgen ok
check losetup ok
check lsblk ok
check fdisk ok
check parted ok

åˆ›å»ºç©ºç™½çš„ç›®æ ‡é•œåƒæ–‡ä»¶, å¤§å°æ˜¯ 896 MB ...
896+0 records in
896+0 records out
939524096 bytes (940 MB, 896 MiB) copied, 6.3515 s, 148 MB/s
ç©ºç™½é•œåƒåˆ›å»ºæˆåŠŸ
è®¾ç½®åˆ†åŒºå¾ªç¯è®¾å¤‡ ... æˆåŠŸ: [/dev/loop2]

å¯¹ç£ç›˜è®¾å¤‡ [/dev/loop2] è¿›è¡Œåˆ†åŒº ...
åˆ›å»ºæ–°çš„åˆ†åŒºè¡¨ ... æˆåŠŸ
åˆ›å»ºç¬¬ [1] ä¸ªåˆ†åŒº, åˆ†åŒºå¤§å°: [160] MB, åˆ†åŒºç±»å‹: [fat32] ... æˆåŠŸ
åˆ›å»ºç¬¬ [2] ä¸ªåˆ†åŒº, åˆ†åŒºå¤§å°: æ‰€æœ‰å‰©ä½™ç©ºé—´, åˆ†åŒºç±»å‹: [btrfs] ... æˆåŠŸ
[/dev/loop2] ç£ç›˜åˆ†åŒºä¸€è§ˆ:
===================================================================
Disk /dev/loop2: 896 MiB, 939524096 bytes, 1835008 sectors
Units: sectors of 1 configs Dockerfile nohup.out openwrt_build_tmp README.md run_build_use_docker.sh scripts 512 = 512 bytes
Sector size (logical/physical): 512 bytes / 512 bytes
I/O size (minimum/optimal): 512 bytes / 512 bytes
Disklabel type: dos
Disk identifier: 0x2ee0d5ff

Device Boot Start End Sectors Size Id Type
/dev/loop2p1 32768 360447 327680 160M c W95 FAT32 (LBA)
/dev/loop2p2 360448 1835007 1474560 720M 83 Linux
===================================================================

===================================================================
åœ¨ [/dev/loop2] ä¸Šåˆ›å»ºæ–‡ä»¶ç³»ç»Ÿ ...
The boot label is EMMC_BOOT
æ ¼å¼åŒ– [/dev/loop2p1], ç±»å‹ä¸º [fat32], å·æ ‡ä¸º [EMMC_BOOT] ...
wait for /dev/loop2p1 ...
wait for /dev/loop2p1 ...
wait for /dev/loop2p1 ...
wait for /dev/loop2p1 ...
wait for dev timeout,now retry
openwrt_build
72fc4b3121691ffa2cb96de7957bc29ea937e7a42fd453445f6626c060a05ada
æ£€æµ‹åˆ°å¼€å¯ä»…æ‰“åŒ…é€‰é¡¹
ARMç›’å­å›ºä»¶å·²å­˜åœ¨
å½“å‰ç¼–è¯‘äº§ç‰©ç›®å½•å·²å­˜åœ¨
è·³è¿‡ç¼–è¯‘æµç¨‹
ARMç›’å­å›ºä»¶å·²å­˜åœ¨
ç¼–è¯‘å®Œæ¯•
å½“å‰ä»“åº“æœ€æ–°å†…æ ¸ç‰ˆæœ¬ï¼š6.1.18-flippy-82+
å¼€å§‹è¿›è¡Œæ‰“åŒ…
æ‰“åŒ…æºç ä¸åº•åŒ…å‡†å¤‡å®Œæ¯•
========================= begin ./mk_h6_vplus.sh =================
The work directory is : [/opt/openwrt_packit/tmp]
The temporary directory is : [/opt/openwrt_packit/tmp/tmp.njnofhFcbJ]
The target boot directory is : [/opt/openwrt_packit/tmp/tmp.njnofhFcbJ/tgt_boot]
The target rootfs directory is : [/opt/openwrt_packit/tmp/tmp.njnofhFcbJ/tgt_root]
The output directory is : [/opt/openwrt_packit/output/]

Use /opt/openwrt_packit/openwrt-armvirt-64-default-rootfs.tar.gz as openwrt rootfs!
check mkfs.btrfs ok
check mkfs.vfat ok
check gawk ok
check uuidgen ok
check losetup ok
check lsblk ok
check fdisk ok
check parted ok

åˆ›å»ºç©ºç™½çš„ç›®æ ‡é•œåƒæ–‡ä»¶, å¤§å°æ˜¯ 896 MB ...
896+0 records in
896+0 records out
939524096 bytes (940 MB, 896 MiB) copied, 6.2248 s, 151 MB/s
ç©ºç™½é•œåƒåˆ›å»ºæˆåŠŸ
è®¾ç½®åˆ†åŒºå¾ªç¯è®¾å¤‡ ... æˆåŠŸ: [/dev/loop2]

å¯¹ç£ç›˜è®¾å¤‡ [/dev/loop2] è¿›è¡Œåˆ†åŒº ...
åˆ›å»ºæ–°çš„åˆ†åŒºè¡¨ ... æˆåŠŸ
åˆ›å»ºç¬¬ [1] ä¸ªåˆ†åŒº, åˆ†åŒºå¤§å°: [160] MB, åˆ†åŒºç±»å‹: [fat32] ... æˆåŠŸ
åˆ›å»ºç¬¬ [2] ä¸ªåˆ†åŒº, åˆ†åŒºå¤§å°: æ‰€æœ‰å‰©ä½™ç©ºé—´, åˆ†åŒºç±»å‹: [btrfs] ... æˆåŠŸ
[/dev/loop2] ç£ç›˜åˆ†åŒºä¸€è§ˆ:
===================================================================
Disk /dev/loop2: 896 MiB, 939524096 bytes, 1835008 sectors
Units: sectors of 1 configs Dockerfile nohup.out openwrt_build_tmp README.md run_build_use_docker.sh scripts 512 = 512 bytes
Sector size (logical/physical): 512 bytes / 512 bytes
I/O size (minimum/optimal): 512 bytes / 512 bytes
Disklabel type: dos
Disk identifier: 0xe622b152

Device Boot Start End Sectors Size Id Type
/dev/loop2p1 32768 360447 327680 160M c W95 FAT32 (LBA)
/dev/loop2p2 360448 1835007 1474560 720M 83 Linux
===================================================================

===================================================================
åœ¨ [/dev/loop2] ä¸Šåˆ›å»ºæ–‡ä»¶ç³»ç»Ÿ ...
The boot label is EMMC_BOOT
æ ¼å¼åŒ– [/dev/loop2p1], ç±»å‹ä¸º [fat32], å·æ ‡ä¸º [EMMC_BOOT] ...
mkfs.fat 4.2 (2021-01-31)
[/dev/loop2p1] æ ¼å¼åŒ–æˆåŠŸ
The rootfs uuid is 64087217-dd84-4192-a3ac-9b49aeac0ccd
The rootfs label is EMMC_ROOTFS1
æ ¼å¼åŒ– [/dev/loop2p2], ç±»å‹ä¸º [btrfs], å·æ ‡ä¸º [EMMC_ROOTFS1] ...
btrfs-progs v5.19
See http://btrfs.wiki.kernel.org for more information.

Performing full device TRIM /dev/loop2p2 (720.00MiB) ...
NOTE: several default settings have changed in version 5.15, please make sure
this does not affect your deployments:
- DUP for metadata (-m dup)
- enabled no-holes (-O no-holes)
- enabled free-space-tree (-R free-space-tree)

Label: EMMC_ROOTFS1
UUID: 64087217-dd84-4192-a3ac-9b49aeac0ccd
Node size: 16384
Sector size: 4096
Filesystem size: 720.00MiB
Block group profiles:
Data: single 8.00MiB
Metadata: single 8.00MiB
System: single 4.00MiB
SSD detected: no
Zoned device: no
Incompat features: extref, skinny-metadata, no-holes
Runtime features: free-space-tree
Checksum: crc32c
Number of devices: 1
Devices:
ID SIZE PATH
1 720.00MiB /dev/loop2p2

[/dev/loop2p2] æ ¼å¼åŒ–æˆåŠŸ
[/dev/loop2] æ–‡ä»¶ç³»ç»Ÿå·²åˆ›å»º.
===================================================================

æŒ‚è½½ /dev/loop2p1 --> /opt/openwrt_packit/tmp/tmp.njnofhFcbJ/tgt_boot ... æˆåŠŸ
æŒ‚è½½ /dev/loop2p2 --> /opt/openwrt_packit/tmp/tmp.njnofhFcbJ/tgt_root ... æˆåŠŸ
åˆ›å»º /etc å­å· ...
Create subvolume '/opt/openwrt_packit/tmp/tmp.njnofhFcbJ/tgt_root/etc'
é‡Šæ”¾ Openwrt rootfs å‹ç¼©åŒ… ... å®Œæˆ
è£å‡ Rootfs ä¸­ç”¨ä¸åˆ°çš„æ–‡ä»¶ ... å®Œæˆ
é‡æ–°é“¾æ¥ kmod ç¨‹åº ... å®Œæˆ
é‡Šæ”¾ Armbian firmware å‹ç¼©åŒ… ... å®Œæˆ
å¤åˆ¶ Added firmware æ–‡ä»¶ ... å®Œæˆ
ä¼˜åŒ– firmware ... å®Œæˆ
é‡Šæ”¾ Kernel modules å‹ç¼©åŒ… ... å®Œæˆ
é‡Šæ”¾ Kernel zImageã€uInitrd åŠ dtbs å‹ç¼©åŒ… ... å®Œæˆ
ä¿®æ”¹å¼•å¯¼åˆ†åŒºç›¸å…³é…ç½® ...
'/opt/openwrt_packit/files/vplus/boot/boot.cmd' -> 'boot.cmd'
'/opt/openwrt_packit/files/vplus/boot/boot.scr' -> 'boot.scr'
uEnv.txt -->
======================================================================================
LINUX=/zImage
INITRD=/uInitrd

# æ™®é€šç‰ˆ 1800Mhz
FDT=/dtb/allwinner/sun50i-h6-vplus-cloud.dtb
# è¶…é¢‘ç‰ˆ 2016Mhz
#FDT=/dtb/allwinner/sun50i-h6-vplus-cloud-2ghz.dtb

APPEND=root=UUID=64087217-dd84-4192-a3ac-9b49aeac0ccd rootfstype=btrfs rootflags=compress=zstd:6 console=ttyS0,115200n8 no_console_suspend consoleblank=0 fsck.fix=yes fsck.repair=yes net.ifnames=0 cgroup_enable=cpuset cgroup_memory=1 cgroup_enable=memory swapaccount=1
======================================================================================

ä¿®æ”¹æ ¹æ–‡ä»¶ç³»ç»Ÿç›¸å…³é…ç½® ...
å¤åˆ¶å¢è¡¥çš„æ–‡ä»¶ ...
===============================================================================
'/opt/openwrt_packit/files/vplus/daemon.json' -> './etc/docker/daemon.json'
'/opt/openwrt_packit/files/coremark.sh' -> './etc/coremark.sh'
'/opt/openwrt_packit/files/scripts_deprecated/flippy_cn' -> './usr/sbin/flippy_cn'
'/opt/openwrt_packit/files/openwrt-kernel' -> './usr/sbin/openwrt-kernel'
'/opt/openwrt_packit/files/openwrt-backup' -> './usr/sbin/openwrt-backup'
'flippy' -> 'openwrt-backup'
'/opt/openwrt_packit/files/openwrt-update-allwinner' -> './usr/sbin/openwrt-update-allwinner'
'/opt/openwrt_packit/files/openwrt-ddbr' -> './usr/sbin/openwrt-ddbr'
'/opt/openwrt_packit/files/balethirq.pl' -> './usr/sbin/balethirq.pl'
'/opt/openwrt_packit/files/vplus/balance_irq' -> 'etc/balance_irq'
'/opt/openwrt_packit/files/fixcpufreq.pl' -> './usr/sbin/fixcpufreq.pl'
patching file etc/init.d/sysfixtime
Hunk #1 succeeded at 6 with fuzz 1.
Hunk #2 FAILED at 17.
1 out of 2 hunks FAILED -- saving rejects to file etc/init.d/sysfixtime.rej
'/opt/openwrt_packit/files/cpustat' -> './usr/bin/cpustat'
'/opt/openwrt_packit/files/getcpu' -> './bin/getcpu'
'/opt/openwrt_packit/files/30-sysinfo.sh' -> './etc/profile.d/30-sysinfo.sh'
'/opt/openwrt_packit/files/rgb/etc/config/rgb' -> './etc/config/rgb'
'/opt/openwrt_packit/files/rgb/etc/init.d/rgb' -> './etc/init.d/rgb'
'/opt/openwrt_packit/files/rgb/etc/rc.d/S99rgb' -> './etc/rc.d/S99rgb'
'/opt/openwrt_packit/files/rgb/usr/bin/rgb' -> './usr/bin/rgb'
'/opt/openwrt_packit/files/vplus/rgb' -> './etc/config/rgb'
'/opt/openwrt_packit/files/7z' -> './usr/bin/7z'
===============================================================================
å®Œæˆ

é‡Šæ”¾åŸºäº glibc çš„å¢è¡¥ç¨‹åºåŒ… ... å®Œæˆ

è°ƒæ•´ docker server é…ç½® ...
'/opt/openwrt_packit/files/DockerReadme.pdf' -> './www/DockerReadme.pdf'
å‘ç° dockerd æœåŠ¡ï¼Œæ­£åœ¨è°ƒæ•´ ...
é»˜è®¤å…³é—­ dockerd æœåŠ¡ ...
å®Œæˆ

è°ƒæ•´ openssl é…ç½® ...
ç¦ç”¨ devcrypto å¼•æ“ ... å®Œæˆ
è°ƒæ•´å®Œæˆ

è°ƒæ•´ qbittorrent é…ç½® ... æœªå‘ç° qbittorrent é…ç½®æ–‡ä»¶, æ”¾å¼ƒè°ƒæ•´
è°ƒæ•´ getty é…ç½® ...å®Œæˆ
è°ƒæ•´ samba server é…ç½® ...
å‘ç° samba4, å°†å¯ç”¨ smbv1 åè®®.
sed: can't read ./usr/share/luci/menu.d/luci-app-samba4.json: No such file or directory
patching file etc/samba/smb.conf.template
å®Œæˆ

è°ƒæ•´ nfs server é…ç½® ...
å®Œæˆ, åˆå§‹ nfs é…ç½®æ–‡ä»¶ä¸ºï¼š
===============================================================================
cat: /opt/openwrt_packit/tmp/tmp.njnofhFcbJ/tgt_root/etc/config/nfs: No such file or directory
===============================================================================

è°ƒæ•´ openssh é…ç½® ...
===============================================================================
æœªå‘ç° openssh é…ç½®æ–‡ä»¶ï¼Œ æ”¾å¼ƒè°ƒæ•´
===============================================================================

è°ƒæ•´ openclash é…ç½® ... æœªå‘ç° openclash, æ”¾å¼ƒè°ƒæ•´
åˆ›å»º fstab é…ç½®æ–‡ä»¶ ...
å½“å‰ fstab å†…å®¹å¦‚ä¸‹ï¼š
===============================================
config global
option anon_swap '0'
option auto_swap '0'
option anon_mount '1'
option auto_mount '1'
option delay_root '5'
option check_fs '0'

config mount
option target '/overlay'
option enabled '1'
option enabled_fsck '1'
option uuid '64087217-dd84-4192-a3ac-9b49aeac0ccd'
option fstype 'btrfs'
option options 'compress=zstd:6'

config mount
option target '/boot'
option enabled '1'
option enabled_fsck '1'
option label 'EMMC_BOOT'
option fstype 'vfat'

===============================================

è°ƒæ•´ turboacc é…ç½® ... å®Œæˆ
è°ƒæ•´ ntfs é…ç½® ... å‘ç° ntfs3, è°ƒæ•´å®Œæˆ
æ‰“è¡¥ä¸ï¼š[çŠ¶æ€é¡µé¢ç›¸å…³ä¿¡æ¯è¡¥ä¸] ...
patching file usr/lib/lua/luci/view/admin_status/index.htm
Hunk #4 succeeded at 654 (offset -42 lines).
Hunk #5 succeeded at 734 (offset -42 lines).
Hunk #6 succeeded at 742 (offset -42 lines).
Hunk #7 succeeded at 767 (offset -42 lines).
è¡¥ä¸æˆåŠŸ
å®Œæˆ

è°ƒæ•´å†…æ ¸ã€ç¡¬ä»¶é©±åŠ¨ç­‰ç›¸å…³ç¯å¢ƒ ...
===============================================================================
å¯ç”¨è‡ªå®šä¹‰çš„å†…æ ¸ä¼˜åŒ–å‚æ•° ...
'/opt/openwrt_packit/files/99-custom.conf' -> './etc/sysctl.d/99-custom.conf'
ç¦ç”¨é»‘åå•ä¸­çš„å†…æ ¸æ¨¡å— ... å®Œæˆ
å½“å‰æœºå‹å¹¶æœªå†…ç½® broadcom æ— çº¿æ¨¡å—, ç¦ç”¨ brcmfmac é©±åŠ¨ ... å®Œæˆ
å¯ç”¨ USB AX88179 ç½‘å¡é©±åŠ¨ ... å®Œæˆ
å¯ç”¨ USB RTL8152/8153/8156 ç½‘å¡é©±åŠ¨ ... å®Œæˆ
å¯ç”¨ USB Realtek RTL8188EU æ— çº¿ç½‘å¡é©±åŠ¨ ... å®Œæˆ
configs Dockerfile nohup.out openwrt_build_tmp README.md run_build_use_docker.sh scripts æ˜¯å¦å¯ç”¨è¯·è‡ªè¡Œæµ‹è¯•
å¯ç”¨ USB Ralink æ— çº¿ç½‘å¡é©±åŠ¨ ... å®Œæˆ
configs Dockerfile nohup.out openwrt_build_tmp README.md run_build_use_docker.sh scripts å¦‚æœæœ‰ Ralink rt2xxx/rt3xxx/rt5xxx ç³»åˆ—USBæ— çº¿ç½‘å¡çš„è¯ï¼Œæ’ä¸ŠåŸºæœ¬èƒ½ç”¨
å¯ç”¨ USB Mediatek æ— çº¿ç½‘å¡é©±åŠ¨ ... å®Œæˆ
configs Dockerfile nohup.out openwrt_build_tmp README.md run_build_use_docker.sh scripts å¦‚æœæœ‰ Mediatek mt7601u/mt7610u/mt7612u/mt7663u ç³»åˆ—USBæ— çº¿ç½‘å¡çš„è¯ï¼Œæ’ä¸ŠåŸºæœ¬èƒ½ç”¨
å¯ç”¨çœ‹é—¨ç‹—é©±åŠ¨ ... å®Œæˆ
===============================================================================
å®Œæˆ

æ£€æµ‹åˆ° vplus æœºå‹ï¼Œæ­£åœ¨æŠŠ u-boot ç›¸å…³æ–‡ä»¶å†™å…¥åˆ° /lib/u-bootç›®å½•ä¸­å¤‡ç”¨ ...
'/opt/openwrt_packit/files/vplus/u-boot-v2022.04/u-boot-sunxi-with-spl.bin' -> './lib/u-boot/u-boot-sunxi-with-spl.bin'
'/opt/openwrt_packit/files/vplus/u-boot-v2022.04/update-u-boot.sh' -> './lib/u-boot/update-u-boot.sh'
å®Œæˆ

å†™å…¥ release ä¿¡æ¯ ...
PLATFORM=allwinner
SOC=h6
BOARD=vplus
KERNEL_VERSION=6.1.18-flippy-82+
K510=

å†™å…¥ banner ä¿¡æ¯ ...
[35m~~~~~~~~~~~~~~~~~~~~~~~~~~~~~~~~~~~~~~~~~~~~~~[0m
[35m ____ _ __ __ /[0m
[34m / __ ____ ___ ____| | / /____/ /_ /[0m
[36m / / / / __ / _ / __ | /| / / ___/ __/ /[0m
[32m / /_/ / /_/ / __/ / / / |/ |/ / / / /_ /[0m
[32m ____/ .___/___/_/ /_/|__/|__/_/ __/ /[0m
[33m /_/ W I R E L E S S F R E E D O M /[0m
[33m /[0m
[31m~~~~~~~~~~~~~~~~~~~~~~~~~~~~~~~~~~~~~~~~~~~~~~[0m
Base on OpenWrt R23.03.14 by lean & lienol
Kernel 6.1.18-flippy-82+
Packaged by èœå¤´å› on 2023-03-14
PLATFORM: allwinner SOC: h6 BOARD: vplus


åˆ›å»º [åˆæ¬¡ä½¿ç”¨] åº”ç”¨ç¯å¢ƒ ...
'/opt/openwrt_packit/files/first_run.sh' -> './etc/first_run.sh'
'./etc/rc.local' -> './etc/rc.local.orig'
å®Œæˆ

åˆ›å»ºåˆå§‹å¿«ç…§: /etc -> /.snapshots/etc-000
Create a readonly snapshot of 'etc' in '.snapshots/etc-000'
å®Œæˆ

å†™å…¥ bootloader ...
dd if=/opt/openwrt_packit/files/vplus/u-boot-v2022.04/u-boot-sunxi-with-spl.bin of=/dev/loop2 conv=fsync,notrunc bs=1024 seek=8
762+1 records in
762+1 records out
781059 bytes (781 kB, 763 KiB) copied, 0.0172131 s, 45.4 MB/s
å®Œæˆ

æ¸…ç†ç¯å¢ƒ ... å®Œæˆ

é•œåƒå·²ç”Ÿæˆ, å­˜æ”¾åœ¨ /opt/openwrt_packit/output/ ä¸‹é¢
========================== end ./mk_h6_vplus.sh ================================

æ­£åœ¨å‹ç¼©é•œåƒä¸­

7-Zip [64] 16.02 : Copyright (c) 1999-2016 Igor Pavlov : 2016-05-21
p7zip Version 16.02 (locale=C,Utf16=off,HugeFiles=on,64 bits,2 CPUs Intel(R) Xeon(R) Gold 6133 CPU @ 2.50GHz (506E3),ASM,AES-NI)

Scanning the drive:
1 file, 939524096 bytes (896 MiB)

Creating archive: /opt/artifact/vplus/openwrt_h6_vplus_R23.03.14_k6.1.18-flippy-82+.img.7z

Items to compress: 1


Files read from disk: 1
Archive size: 297488459 bytes (284 MiB)
Everything is Ok
ç¼–è¯‘å›ºä»¶æˆåŠŸï¼švplus
ç¼–è¯‘æˆåŠŸ
openwrt_build
å½“å‰é€‰æ‹©ç¼–è¯‘çš„è®¾å¤‡ï¼švplus
å½“å‰é€‰æ‹©ç¼–è¯‘çš„é…ç½®ï¼šarmv8
0f61c2fd4536752b5fdf39f17f303012e7a0acee86d563de4516aa443c83b42a
ä»…æ‰“åŒ…é€‰é¡¹æœªå¼€å¯ï¼Œè¿›å…¥ç¼–è¯‘æµç¨‹
å¼€å§‹ä¸‹è½½ä¾èµ–
make[1] tools/download
make[2] target/prereq
make[2] -C tools/autoconf download
make[2] -C tools/autoconf-archive download
make[2] -C tools/automake download
make[2] -C tools/bc download
make[2] -C tools/bison download
make[2] -C tools/cmake download
make[2] -C tools/cpio download
make[2] -C tools/dosfstools download
make[2] -C tools/e2fsprogs download
make[2] -C tools/expat download
make[2] -C tools/fakeroot download
make[2] -C tools/findutils download
make[2] -C tools/firmware-utils download
make[2] -C tools/flex download
make[2] -C tools/gengetopt download
make[2] -C tools/libressl download
make[2] -C tools/libtool download
make[2] -C tools/lzma download
make[2] -C tools/m4 download
make[2] -C tools/make-ext4fs download
make[2] -C tools/meson download
make[2] -C tools/missing-macros download
make[2] -C tools/mkimage download
make[2] -C tools/mklibs download
make[2] -C tools/mtd-utils download
make[2] -C tools/mtools download
make[2] -C tools/ninja download
make[2] -C tools/padjffs2 download
make[2] -C tools/patch-image download
make[2] -C tools/patchelf download
make[2] -C tools/pkgconf download
make[2] -C tools/quilt download
make[2] -C tools/squashfskit4 download
make[2] -C tools/sstrip download
make[2] -C tools/zip download
make[2] -C tools/zlib download
make[2] -C tools/zstd download
make[2] -C tools/gmp download
make[3] -C target/linux prereq
make[2] -C tools/mpc download
make[2] -C tools/mpfr download
make[2] -C tools/elfutils download
make[2] -C tools/libdeflate download
make[2] -C tools/patch download
make[2] -C tools/tar download
make[2] -C tools/xz download
make[2] -C tools/flock download
make[2] -C tools/sed download
make[1] toolchain/download
make[2] -C toolchain/gdb download
make[2] -C toolchain/kernel-headers download
make[2] -C toolchain/binutils download
make[2] -C toolchain/gcc/initial download
make[2] -C toolchain/gcc/final download
make[2] -C toolchain/musl download
make[2] -C toolchain/fortify-headers download
make[1] package/download
make[2] -C package/base-files download
make[2] -C feeds/kenzo/filebrowser download
make[2] -C feeds/kenzo/lua-maxminddb download
make[2] -C feeds/kenzo/lua-neturl download
make[2] -C feeds/kenzo/luci-app-adguardhome download
make[2] -C feeds/kenzo/luci-app-amlogic download
make[2] -C feeds/kenzo/luci-app-eqos download
make[2] -C feeds/kenzo/luci-app-filebrowser download
make[2] -C feeds/kenzo/luci-app-passwall download
make[2] -C feeds/kenzo/luci-lib-taskd download
make[2] -C feeds/kenzo/luci-lib-xterm download
make[2] -C feeds/kenzo/luci-theme-argonne download
make[2] -C feeds/kenzo/luci-app-lucky/lucky download
make[2] -C feeds/kenzo/microsocks download
make[2] -C feeds/kenzo/naiveproxy download
make[2] -C feeds/kenzo/redsocks2 download
make[2] -C feeds/kenzo/taskd download
make[2] -C feeds/kenzo/tcping download
make[2] -C feeds/luci/collections/luci download
make[2] -C feeds/luci/applications/luci-app-acme download
make[2] -C feeds/luci/applications/luci-app-arpbind download
make[2] -C feeds/luci/applications/luci-app-autoreboot download
make[2] -C feeds/luci/applications/luci-app-cifs-mount download
make[2] -C feeds/luci/applications/luci-app-diskman download
make[2] -C feeds/luci/applications/luci-app-docker download
make[2] -C feeds/luci/applications/luci-app-dockerman download
make[2] -C feeds/luci/applications/luci-app-filetransfer download
make[2] -C feeds/luci/applications/luci-app-firewall download
make[2] -C feeds/luci/applications/luci-app-frpc download
make[2] -C feeds/luci/applications/luci-app-hd-idle download
make[2] -C feeds/luci/applications/luci-app-n2n download
make[2] -C feeds/luci/applications/luci-app-nlbwmon download
make[2] -C feeds/luci/applications/luci-app-pushbot download
make[2] -C feeds/luci/applications/luci-app-ramfree download
make[2] -C feeds/luci/applications/luci-app-samba4 download
make[2] -C feeds/luci/applications/luci-app-socat download
make[2] -C feeds/luci/applications/luci-app-transmission download
make[2] -C feeds/luci/applications/luci-app-ttyd download
make[2] -C feeds/luci/applications/luci-app-turboacc download
make[2] -C feeds/luci/applications/luci-app-uhttpd download
make[2] -C feeds/luci/applications/luci-app-upnp download
make[2] -C feeds/luci/applications/luci-app-vsftpd download
make[2] -C feeds/luci/applications/luci-app-watchcat download
make[2] -C feeds/luci/applications/luci-app-wrtbwmon download
make[2] -C feeds/luci/modules/luci-base download
make[2] -C feeds/luci/modules/luci-compat download
make[2] -C feeds/luci/collections/luci-lib-docker download
make[2] -C feeds/luci/libs/luci-lib-fs download
make[2] -C feeds/luci/libs/luci-lib-ip download
make[2] -C feeds/luci/libs/luci-lib-ipkg download
make[2] -C feeds/luci/libs/luci-lib-jsonc download
make[2] -C feeds/luci/libs/luci-lib-nixio download
make[2] -C feeds/luci/modules/luci-mod-admin-full download
make[2] -C feeds/luci/modules/luci-newapi download
make[2] -C feeds/luci/protocols/luci-proto-ipv6 download
make[2] -C feeds/luci/protocols/luci-proto-ppp download
make[2] -C feeds/luci/themes/luci-theme-bootstrap download
make[2] -C feeds/luci/themes/luci-theme-material download
make[2] -C feeds/luci/themes/luci-theme-netgear download
make[2] -C feeds/luci/libs/rpcd-mod-rrdns download
make[2] -C feeds/packages/net/acme download
make[2] -C feeds/packages/net/adguardhome download
make[2] -C feeds/packages/utils/attr download
make[2] -C feeds/packages/libs/avahi download
make[2] -C feeds/packages/net/banip download
make[2] -C feeds/packages/libs/avahi download
make[2] -C feeds/packages/utils/bash download
make[2] -C feeds/packages/libs/avahi download
make[2] -C feeds/packages/libs/boost download
make[2] -C feeds/packages/utils/btrfs-progs download
make[2] -C feeds/packages/libs/c-ares download
make[2] -C feeds/packages/utils/cgroupfs-mount download
make[2] -C feeds/packages/utils/collectd download
make[2] -C feeds/packages/utils/containerd download
make[2] -C feeds/packages/utils/coremark download
make[2] -C feeds/packages/utils/coreutils download
make[2] -C feeds/packages/net/curl download
make[2] -C feeds/packages/utils/dbus download
make[2] -C feeds/packages/net/ddns-scripts download
make[2] -C feeds/packages/utils/docker download
make[2] -C feeds/packages/utils/docker-compose download
make[2] -C feeds/packages/utils/dockerd download
make[2] -C feeds/packages/utils/dosfstools download
make[2] -C feeds/packages/net/etherwake download
make[2] -C feeds/packages/libs/expat download
make[2] -C feeds/packages/net/frp download
make[2] -C feeds/packages/libs/gdbm download
make[2] -C feeds/packages/libs/gnutls download
make[2] -C feeds/packages/net/haproxy download
make[2] -C feeds/packages/utils/hd-idle download
make[2] -C feeds/packages/admin/htop download
make[2] -C feeds/packages/net/iputils download
make[2] -C feeds/packages/net/iperf3 download
make[2] -C feeds/packages/utils/jq download
make[2] -C feeds/packages/libs/libdaemon download
make[2] -C feeds/packages/libs/libev download
make[2] -C feeds/packages/libs/libffi download
make[2] -C feeds/packages/libs/libmaxminddb download
make[2] -C feeds/packages/libs/libnatpmp download
make[2] -C feeds/packages/libs/libseccomp download
make[2] -C feeds/packages/utils/libnetwork download
make[2] -C feeds/packages/libs/libsodium download
make[2] -C feeds/packages/libs/libtasn1 download
make[2] -C feeds/packages/libs/libtirpc download
make[2] -C feeds/packages/libs/liburing download
make[2] -C feeds/packages/libs/libuv download
make[2] -C feeds/packages/libs/libwebsockets download
make[2] -C feeds/packages/utils/lsof download
make[2] -C feeds/packages/utils/lvm2 download
make[2] -C feeds/packages/libs/lzo download
make[2] -C feeds/packages/net/miniupnpc download
make[2] -C feeds/packages/net/miniupnpd download
make[2] -C feeds/packages/net/n2n download
make[2] -C feeds/packages/admin/netatop download
make[2] -C feeds/packages/admin/netdata download
make[2] -C feeds/packages/net/netperf download
make[2] -C feeds/packages/libs/nghttp2 download
make[2] -C feeds/packages/net/nlbwmon download
make[2] -C feeds/packages/net/openssh download
make[2] -C feeds/packages/utils/parted download
make[2] -C feeds/packages/net/pdnsd-alt download
make[2] -C feeds/packages/lang/perl download
make[2] -C feeds/packages/lang/perl-http-date download
make[2] -C feeds/packages/lang/perl-xml-parser download
make[2] -C feeds/packages/utils/pv download
make[2] -C feeds/packages/lang/python/python3 download
make[2] -C feeds/packages/utils/rrdtool1 download
make[2] -C feeds/packages/net/rsync download
make[2] -C feeds/packages/utils/runc download
make[2] -C feeds/packages/net/samba4 download
make[2] -C feeds/packages/net/shadowsocks-libev download
make[2] -C feeds/packages/net/smartdns download
make[2] -C feeds/packages/utils/smartmontools download
make[2] -C feeds/packages/net/socat download
make[2] -C feeds/packages/libs/sqlite3 download
make[2] -C feeds/packages/utils/tini download
make[2] -C feeds/packages/net/transmission download
make[2] -C feeds/packages/net/transmission-web-control download
make[2] -C feeds/packages/utils/ttyd download
make[2] -C feeds/packages/libs/udns download
make[2] -C feeds/packages/utils/unzip download
make[2] -C feeds/packages/net/uwsgi download
make[2] -C feeds/packages/net/v2ray-geodata download
make[2] -C feeds/packages/utils/watchcat download
make[2] -C feeds/packages/net/wget download
make[2] -C feeds/packages/net/wsdd2 download
make[2] -C feeds/packages/utils/xz download
make[2] -C feeds/packages/utils/zsh download
make[2] -C feeds/packages/utils/zstd download
make[2] -C feeds/small8/brook download
make[2] -C feeds/small8/cdnspeedtest download
make[2] -C feeds/small8/chinadns-ng download
make[2] -C feeds/small8/dapnet-gateway download
make[2] -C feeds/small8/ddnsgo download
make[2] -C feeds/small8/dns2socks download
make[2] -C feeds/small8/dns2tcp download
make[2] -C feeds/small8/homebox download
make[2] -C feeds/small8/hysteria download
make[2] -C feeds/small8/ipt2socks download
make[2] -C feeds/small8/ircddb-gateway download
make[2] -C feeds/small8/libmmdvm download
make[2] -C feeds/small8/libwxwidgets download
make[2] -C feeds/small8/luci-app-chinesesubfinder download
make[2] -C feeds/small8/luci-app-emby download
make[2] -C feeds/small8/luci-app-nastools download
make[2] -C feeds/small8/luci-app-netspeedtest download
make[2] -C feeds/small8/luci-app-onliner download
make[2] -C feeds/small8/luci-app-rtbwmon download
make[2] -C feeds/small8/luci-app-tencentcloud-cos download
make[2] -C feeds/small8/luci-app-tencentddns download
make[2] -C feeds/small8/luci-app-wolplus download
make[2] -C feeds/small8/luci-app-xunlei download
make[2] -C feeds/small8/luci-lib-iform download
make[2] -C feeds/small8/mmdvm-host download
make[2] -C feeds/small8/mmdvm-luci download
make[2] -C feeds/small8/nxdn-clients download
make[2] -C feeds/small8/p25-clients download
make[2] -C feeds/small8/shadowsocks-rust download
make[2] -C feeds/small8/shadowsocksr-libev download
make[2] -C feeds/small8/simple-obfs download
make[2] -C feeds/small8/speedtest-web download
make[2] -C feeds/small8/trojan download
make[2] -C feeds/small8/trojan-go download
make[2] -C feeds/small8/trojan-plus download
make[2] -C feeds/small8/v2ray-core download
make[2] -C feeds/small8/v2ray-plugin download
make[2] -C feeds/small8/xray-core download
make[2] -C feeds/small8/xray-plugin download
make[2] -C feeds/small8/ysf-clients download
make[2] -C package/firmware/linux-firmware download
make[2] -C package/kernel/cryptodev-linux download
make[2] -C package/kernel/linux download
make[2] -C package/lean/automount download
make[2] -C package/lean/ddns-scripts_aliyun download
make[2] -C package/lean/ddns-scripts_dnspod download
make[2] -C package/lean/default-settings download
make[2] -C package/lean/ntfs3-mount download
make[2] -C package/lean/r8125 download
make[2] -C package/lean/r8152 download
make[2] -C package/lean/r8168 download
make[2] -C package/lean/vsftpd-alt download
make[2] -C package/lean/wol download
make[2] -C package/libs/elfutils download
make[2] -C package/libs/gmp download
make[2] -C package/libs/jansson download
make[2] -C package/libs/libcap download
make[2] -C package/libs/libevent2 download
make[2] -C package/libs/libjson-c download
make[2] -C package/libs/libmnl download
make[2] -C package/libs/libnftnl download
make[2] -C package/libs/libnl-tiny download
make[2] -C package/libs/libpcap download
make[2] -C package/libs/libtool download
make[2] -C package/libs/libubox download
make[2] -C package/libs/mbedtls download
make[2] -C package/libs/ncurses download
make[2] -C package/libs/nettle download
make[2] -C package/libs/openssl download
make[2] -C package/libs/pcre download
make[2] -C package/libs/popt download
make[2] -C package/libs/readline download
make[2] -C package/libs/sysfsutils download
make[2] -C package/libs/toolchain download
make[2] -C package/libs/uclient download
make[2] -C package/libs/ustream-ssl download
make[2] -C package/libs/zlib download
make[2] -C package/network/config/firewall download
make[2] -C package/network/config/netifd download
make[2] -C package/network/services/dnsmasq download
make[2] -C package/network/services/dropbear download
make[2] -C package/network/services/fullconenat download
make[2] -C package/network/services/ppp download
make[2] -C package/network/services/shellsync download
make[2] -C package/network/services/uhttpd download
make[2] -C package/network/utils/bpftools download
make[2] -C package/network/utils/iproute2 download
make[2] -C package/network/utils/ipset download
make[2] -C package/network/utils/iptables download
make[2] -C package/network/utils/iproute2 download
make[2] -C package/network/utils/iwinfo download
make[2] -C package/network/utils/nftables download
make[2] -C package/network/utils/resolveip download
make[2] -C package/qat/libs/eudev download
make[2] -C package/system/ca-certificates download
make[2] -C package/system/fstools download
make[2] -C package/system/fwtool download
make[2] -C package/system/mtd download
make[2] -C package/system/openwrt-keyring download
make[2] -C package/system/opkg download
make[2] -C package/system/procd download
make[2] -C package/system/rpcd download
make[2] -C package/system/ubox download
make[2] -C package/system/ubus download
make[2] -C package/system/uci download
make[2] -C package/system/urandom-seed download
make[2] -C package/system/urngd download
make[2] -C package/system/usign download
make[2] -C package/utils/busybox download
make[2] -C package/utils/bzip2 download
make[2] -C package/utils/e2fsprogs download
make[2] -C package/utils/f2fs-tools download
make[2] -C package/utils/jsonfilter download
make[2] -C package/utils/f2fs-tools download
make[2] -C package/utils/lua download
make[2] -C package/utils/f2fs-tools download
make[2] -C package/utils/lua5.3 download
make[2] -C package/utils/f2fs-tools download
make[2] -C package/utils/ucode download
make[2] -C package/utils/util-linux download
make[1] target/download
make[2] -C target/linux download
ç¼–è¯‘ä¾èµ–ä¸‹è½½å®Œæ¯•
å¼€å§‹ç¼–è¯‘
make[2]: Entering directory '/opt/openwrt/scripts/config'
make[2]: 'conf' is up to date.
make[2]: Leaving directory '/opt/openwrt/scripts/config'
make[1] world
make[2] package/cleanup
make[2] target/compile
make[3] -C target/linux compile
make[2] buildinfo
make[2] package/compile
make[3] -C package/libs/libjson-c host-compile
make[3] diffconfig buildversion feedsversion
make[3] -C package/libs/toolchain compile
make[4] scripts/config/conf
make[3] -C package/libs/ncurses host-compile
make[3] -C package/libs/zlib compile
make[3] -C package/system/fwtool host-compile
make[3] -C package/system/usign host-compile
make[3] -C package/system/openwrt-keyring compile
make[3] -C feeds/packages/lang/golang/golang host-compile
make[3] -C feeds/packages/libs/libffi host-compile
make[3] -C package/utils/bzip2 host-compile
make[3] -C feeds/packages/libs/libmaxminddb compile
make[3] -C feeds/packages/utils/xz compile
make[3] -C package/libs/pcre compile
make[3] -C feeds/luci/modules/luci-base host-compile
make[3] -C package/utils/lua host-compile
make[3] -C feeds/packages/utils/dosfstools compile
make[3] -C feeds/packages/libs/libxml2 compile
make[3] -C feeds/packages/libs/gdbm compile
make[3] -C feeds/packages/lang/perl host-compile
make[3] -C feeds/packages/utils/pv compile
make[3] -C package/utils/e2fsprogs host-compile
make[3] -C package/libs/libmnl compile
make[3] -C package/devel/binutils compile
make[3] -C package/utils/bzip2 compile
make[3] -C package/libs/argp-standalone compile
make[3] -C package/libs/musl-fts compile
make[3] -C feeds/kenzo/microsocks compile
make[3] -C feeds/kenzo/tcping compile
make[3] -C feeds/packages/utils/attr compile
make[3] -C package/libs/gmp compile
make[3] -C package/libs/libcap compile
make[3] -C package/system/ca-certificates compile
make[3] -C feeds/packages/libs/nghttp2 compile
make[3] -C feeds/packages/utils/unzip compile
make[3] -C feeds/small8/dns2socks compile
make[3] -C feeds/small8/dns2tcp compile
make[3] -C package/network/utils/resolveip compile
make[3] -C feeds/small8/brook compile
make[3] -C package/libs/libtool compile
make[3] -C package/utils/lua5.3 compile
make[3] -C feeds/small8/hysteria compile
make[3] -C feeds/kenzo/naiveproxy compile
make[3] -C feeds/packages/libs/libev compile
make[3] -C feeds/packages/libs/libsodium compile
make[3] -C feeds/packages/libs/udns compile
make[3] -C feeds/packages/libs/c-ares compile
make[3] -C package/libs/mbedtls compile
make[3] -C feeds/small8/simple-obfs compile
make[3] -C feeds/small8/trojan-go compile
make[3] -C feeds/packages/libs/boost host-compile
make[3] -C feeds/small8/v2ray-core compile
make[3] -C feeds/packages/net/v2ray-geodata compile
make[3] -C feeds/small8/v2ray-plugin compile
make[3] -C feeds/small8/xray-core compile
make[3] -C feeds/small8/xray-plugin compile
make[3] -C feeds/kenzo/luci-lib-xterm compile
make[3] -C package/libs/libsepol compile
make[3] -C feeds/kenzo/luci-theme-argonne compile
make[3] -C feeds/kenzo/luci-app-lucky/lucky compile
make[3] -C feeds/packages/net/socat compile
make[3] -C package/libs/gettext-full host-compile
make[3] -C package/libs/nettle compile
make[3] -C feeds/packages/libs/lzo compile
make[3] -C feeds/packages/utils/docker compile
make[3] -C feeds/packages/libs/gperf host-compile
make[3] -C feeds/packages/utils/libnetwork compile
make[3] -C feeds/packages/utils/tini compile
make[3] -C feeds/packages/libs/libaio compile
make[3] -C feeds/packages/libs/libuv compile
make[3] -C package/lean/ucl host-compile
make[3] -C feeds/packages/utils/hd-idle compile
make[3] -C feeds/packages/utils/zstd compile
make[3] -C package/libs/libpcap compile
make[3] -C feeds/packages/utils/jq compile
make[3] -C feeds/luci/applications/luci-app-ramfree compile
make[3] -C feeds/packages/libs/libtasn1 compile
make[3] -C feeds/packages/libs/libtasn1 host-compile
make[3] -C feeds/packages/libs/libtirpc compile
make[3] -C feeds/packages/lang/perl-parse-yapp host-compile
make[3] -C feeds/packages/libs/rpcsvc-proto host-compile
make[3] -C package/libs/popt compile
make[3] -C feeds/packages/libs/liburing compile
make[3] -C feeds/packages/libs/expat compile
make[3] -C feeds/packages/libs/libdaemon compile
make[3] -C feeds/luci/applications/luci-app-socat compile
make[3] -C feeds/packages/libs/libnatpmp compile
make[3] -C feeds/packages/net/miniupnpc compile
make[3] -C feeds/packages/net/pdnsd-alt compile
make[3] -C feeds/packages/utils/watchcat compile
make[3] -C feeds/luci/protocols/luci-proto-ipv6 compile
make[3] -C feeds/luci/themes/luci-theme-material compile
make[3] -C feeds/luci/themes/luci-theme-netgear compile
make[3] -C feeds/packages/utils/rrdtool1 compile
make[3] -C feeds/packages/utils/coremark compile
make[3] -C feeds/packages/utils/docker-compose compile
make[3] -C feeds/packages/net/etherwake compile
make[3] -C package/libs/sysfsutils compile
make[3] -C feeds/packages/libs/libffi compile
make[3] -C feeds/packages/utils/lsof compile
make[3] -C feeds/packages/admin/netatop compile
make[3] -C feeds/packages/net/netperf compile
make[3] -C feeds/packages/libs/libpam compile
make[3] -C feeds/packages/libs/pcre2 compile
make[3] -C feeds/packages/libs/libical compile
make[3] -C feeds/packages/lang/python/python-pip-conf compile
make[3] -C feeds/packages/libs/sqlite3 compile
make[3] -C feeds/packages/net/wsdd2 compile
make[3] -C feeds/small8/cdnspeedtest compile
make[3] -C feeds/small8/dapnet-gateway compile
make[3] -C feeds/small8/ddnsgo compile
make[3] -C feeds/small8/homebox host-compile
make[3] -C feeds/small8/ipt2socks compile
make[3] -C feeds/small8/libwxwidgets compile
make[3] -C feeds/small8/luci-app-wolplus compile
make[3] -C feeds/small8/nxdn-clients compile
make[3] -C feeds/small8/p25-clients compile
make[3] -C feeds/small8/ysf-clients compile
make[3] -C feeds/small8/shadowsocks-rust compile
make[3] -C feeds/small8/speedtest-web compile
make[3] -C package/lean/r8125 compile
make[3] -C package/lean/r8168 compile
make[3] -C package/lean/wol compile
make[3] -C package/libs/jansson compile
make[3] -C package/libs/libnftnl compile
make[3] -C package/network/services/dropbear compile
make[3] -C package/network/utils/linux-atm compile
make[3] -C package/qat/libs/eudev compile
make[3] -C package/libs/libubox host-compile
make[3] -C package/libs/libnl-tiny compile
make[3] -C package/libs/libjson-c compile
make[3] -C package/utils/lua compile
make[3] -C package/firmware/linux-firmware compile
make[3] -C package/libs/ncurses compile
make[3] -C package/system/fwtool compile
make[3] -C package/system/ucert host-compile
make[3] -C feeds/packages/lang/python/python3 host-compile
make[3] -C feeds/kenzo/lua-maxminddb compile
make[3] -C feeds/kenzo/lua-neturl compile
make[3] -C feeds/luci/libs/luci-lib-ip compile
make[3] -C feeds/luci/libs/luci-lib-jsonc compile
make[3] -C feeds/luci/protocols/luci-proto-ppp compile
make[3] -C feeds/luci/themes/luci-theme-bootstrap compile
make[3] -C package/libs/readline compile
make[3] -C feeds/packages/libs/db47 compile
make[3] -C package/libs/elfutils compile
make[3] -C feeds/packages/utils/acl compile
make[3] -C feeds/packages/libs/boost compile
make[3] -C package/libs/libselinux compile
make[3] -C feeds/packages/libs/gnutls compile
make[3] -C feeds/packages/libs/libseccomp compile
make[3] -C feeds/luci/collections/luci-lib-docker compile
make[3] -C package/lean/upx host-compile
make[3] -C feeds/luci/applications/luci-app-hd-idle compile
make[3] -C feeds/packages/net/samba4 host-compile
make[3] -C feeds/packages/utils/dbus compile
make[3] -C feeds/luci/applications/luci-app-watchcat compile
make[3] -C feeds/packages/utils/lm-sensors compile
make[3] -C feeds/packages/libs/glib2 compile
make[3] -C feeds/packages/utils/zsh compile
make[3] -C feeds/small8/homebox compile
make[3] -C feeds/small8/libmmdvm compile
make[3] -C feeds/small8/luci-lib-iform compile
make[3] -C package/utils/busybox compile
make[3] -C package/system/opkg host-compile
make[3] -C package/libs/libubox compile
make[3] -C package/kernel/linux compile
make[3] -C package/utils/util-linux compile
make[3] -C package/utils/jsonfilter compile
make[3] -C package/system/usign compile
make[3] -C feeds/packages/lang/node host-compile
make[3] -C package/kernel/cryptodev-linux compile
make[3] -C package/network/utils/iptables compile
make[3] -C feeds/packages/utils/bash compile
make[3] -C feeds/packages/utils/parted compile
make[3] -C feeds/packages/lang/perl compile
make[3] -C package/utils/e2fsprogs compile
make[3] -C package/network/utils/bpftools compile
make[3] -C feeds/packages/utils/coreutils compile
make[3] -C package/network/utils/ipset compile
make[3] -C feeds/luci/applications/luci-app-cifs-mount compile
make[3] -C feeds/packages/mail/msmtp compile
make[3] -C feeds/packages/utils/btrfs-progs compile
make[3] -C feeds/packages/utils/runc compile
make[3] -C feeds/packages/utils/lvm2 compile
make[3] -C feeds/packages/net/frp compile
make[3] -C feeds/packages/net/nlbwmon compile
make[3] -C feeds/packages/net/iputils compile
make[3] -C feeds/packages/libs/avahi compile
make[3] -C feeds/packages/libs/avahi compile
make[3] -C feeds/packages/libs/avahi compile
make[3] -C feeds/luci/applications/luci-app-turboacc compile
make[3] -C feeds/packages/net/miniupnpd compile
make[3] -C feeds/packages/utils/cgroupfs-mount compile
make[3] -C feeds/packages/admin/htop compile
make[3] -C feeds/packages/admin/netdata compile
make[3] -C feeds/packages/lang/perl-http-date compile
make[3] -C feeds/packages/lang/perl-xml-parser compile
make[3] -C feeds/packages/utils/bluez compile
make[3] -C feeds/packages/net/rsync compile
make[3] -C feeds/small8/ircddb-gateway compile
make[3] -C feeds/small8/luci-app-rtbwmon compile
make[3] -C feeds/small8/mmdvm-host compile
make[3] -C package/lean/ntfs3-mount compile
make[3] -C package/lean/r8152 compile
make[3] -C package/network/utils/nftables compile
make[3] -C package/network/services/shellsync compile
make[3] -C package/system/mtd compile
make[3] -C package/system/urngd compile
make[3] -C package/utils/f2fs-tools compile
make[3] -C package/utils/f2fs-tools compile
make[3] -C package/utils/f2fs-tools compile
make[3] -C package/utils/f2fs-tools compile
make[3] -C package/system/ubus compile
make[3] -C package/system/uci compile
make[3] -C package/libs/openssl compile
make[3] -C package/network/services/fullconenat compile
make[3] -C package/network/utils/iwinfo compile
make[3] -C package/utils/ucode compile
make[3] -C package/libs/ustream-ssl compile
make[3] -C package/network/utils/iproute2 compile
make[3] -C package/network/utils/iproute2 compile
make[3] -C feeds/packages/net/curl compile
make[3] -C feeds/small8/chinadns-ng compile
make[3] -C feeds/packages/net/haproxy compile
make[3] -C feeds/small8/shadowsocksr-libev compile
make[3] -C feeds/packages/net/shadowsocks-libev compile
make[3] -C feeds/small8/trojan-plus compile
make[3] -C package/libs/libevent2 compile
make[3] -C feeds/luci/applications/luci-app-arpbind compile
make[3] -C feeds/packages/mail/nail compile
make[3] -C feeds/packages/utils/containerd compile
make[3] -C feeds/packages/libs/libwebsockets compile
make[3] -C package/libs/uclient compile
make[3] -C feeds/packages/net/n2n compile
make[3] -C feeds/luci/applications/luci-app-nlbwmon compile
make[3] -C feeds/luci/applications/luci-app-pushbot compile
make[3] -C feeds/packages/net/samba4 compile
make[3] -C feeds/packages/net/transmission compile
make[3] -C feeds/luci/applications/luci-app-upnp compile
make[3] -C package/lean/vsftpd-alt compile
make[3] -C feeds/luci/applications/luci-app-wrtbwmon compile
make[3] -C feeds/packages/net/banip compile
make[3] -C feeds/packages/utils/collectd compile
make[3] -C feeds/packages/net/bind compile
make[3] -C feeds/packages/net/iperf3 compile
make[3] -C feeds/packages/net/openssh compile
make[3] -C feeds/packages/lang/python/python3 compile
make[3] -C feeds/packages/net/smartdns compile
make[3] -C feeds/packages/net/uwsgi compile
make[3] -C feeds/small8/luci-app-netspeedtest compile
make[3] -C feeds/small8/luci-app-onliner compile
make[3] -C feeds/small8/luci-app-tencentcloud-cos compile
make[3] -C feeds/small8/luci-app-tencentddns compile
make[3] -C feeds/small8/trojan compile
make[3] -C package/network/services/dnsmasq compile
make[3] -C package/network/services/ppp compile
make[3] -C package/system/opkg compile
make[3] -C package/network/config/netifd compile
make[3] -C package/system/ubox compile
make[3] -C feeds/packages/net/wget compile
make[3] -C feeds/luci/libs/luci-lib-nixio compile
make[3] -C package/network/config/firewall compile
make[3] -C package/system/rpcd compile
make[3] -C package/network/services/uhttpd compile
make[3] -C feeds/kenzo/redsocks2 compile
make[3] -C feeds/packages/net/acme compile
make[3] -C feeds/packages/utils/smartmontools compile
make[3] -C feeds/packages/utils/dockerd compile
make[3] -C feeds/packages/utils/ttyd compile
make[3] -C feeds/luci/libs/luci-lib-fs compile
make[3] -C feeds/luci/applications/luci-app-frpc compile
make[3] -C feeds/luci/applications/luci-app-n2n compile
make[3] -C feeds/luci/applications/luci-app-samba4 compile
make[3] -C feeds/packages/net/transmission-web-control compile
make[3] -C feeds/luci/applications/luci-app-ttyd compile
make[3] -C feeds/luci/applications/luci-app-uhttpd compile
make[3] -C feeds/luci/applications/luci-app-vsftpd compile
make[3] -C feeds/packages/net/ddns-scripts compile
make[3] -C feeds/small8/luci-app-xunlei compile
make[3] -C package/lean/ddns-scripts_aliyun compile
make[3] -C package/lean/ddns-scripts_dnspod compile
make[3] -C package/system/urandom-seed compile
make[3] -C package/system/fstools compile
make[3] -C feeds/kenzo/luci-app-adguardhome compile
make[3] -C feeds/luci/applications/luci-app-firewall compile
make[3] -C feeds/luci/modules/luci-base compile
make[3] -C feeds/luci/libs/rpcd-mod-rrdns compile
make[3] -C feeds/kenzo/luci-app-eqos compile
make[3] -C feeds/luci/modules/luci-compat compile
make[3] -C package/system/procd compile
make[3] -C feeds/luci/applications/luci-app-diskman compile
make[3] -C feeds/luci/applications/luci-app-docker compile
make[3] -C feeds/luci/applications/luci-app-dockerman compile
make[3] -C feeds/luci/applications/luci-app-filetransfer compile
make[3] -C feeds/luci/applications/luci-app-transmission compile
make[3] -C feeds/luci/libs/luci-lib-ipkg compile
make[3] -C feeds/luci/modules/luci-newapi compile
make[3] -C feeds/small8/mmdvm-luci compile
make[3] -C package/lean/automount compile
make[3] -C package/base-files compile
make[3] -C feeds/luci/modules/luci-mod-admin-full compile
make[3] -C feeds/kenzo/luci-app-passwall compile
make[3] -C feeds/kenzo/taskd compile
make[3] -C feeds/luci/applications/luci-app-acme compile
make[3] -C feeds/luci/collections/luci compile
make[3] -C feeds/kenzo/luci-lib-taskd compile
make[3] -C feeds/luci/applications/luci-app-autoreboot compile
make[3] -C feeds/small8/luci-app-chinesesubfinder compile
make[3] -C feeds/small8/luci-app-emby compile
make[3] -C feeds/small8/luci-app-nastools compile
make[3] -C package/lean/default-settings compile
make[3] -C feeds/kenzo/luci-app-amlogic compile
make[3] -C feeds/kenzo/filebrowser compile
make[3] -C feeds/packages/lang/node-yarn host-compile
make[3] -C feeds/packages/net/adguardhome compile
make[3] -C feeds/kenzo/luci-app-filebrowser compile
make[2] package/install
make[2] target/install
make[3] -C target/linux install
make[2] package/index
make[2] json_overview_image_info
make[2] checksum
ARMç›’å­å›ºä»¶å·²å­˜åœ¨
ç¼–è¯‘å®Œæ¯•
å½“å‰ä»“åº“æœ€æ–°å†…æ ¸ç‰ˆæœ¬ï¼š6.1.18-flippy-82+
å¼€å§‹è¿›è¡Œæ‰“åŒ…
æ‰“åŒ…æºç ä¸åº•åŒ…å‡†å¤‡å®Œæ¯•
========================= begin ./mk_h6_vplus.sh =================
The work directory is : [/opt/openwrt_packit/tmp]
The temporary directory is : [/opt/openwrt_packit/tmp/tmp.fGF23uRC6e]
The target boot directory is : [/opt/openwrt_packit/tmp/tmp.fGF23uRC6e/tgt_boot]
The target rootfs directory is : [/opt/openwrt_packit/tmp/tmp.fGF23uRC6e/tgt_root]
The output directory is : [/opt/openwrt_packit/output/]

Use /opt/openwrt_packit/openwrt-armvirt-64-default-rootfs.tar.gz as openwrt rootfs!
check mkfs.btrfs ok
check mkfs.vfat ok
check gawk ok
check uuidgen ok
check losetup ok
check lsblk ok
check fdisk ok
check parted ok

åˆ›å»ºç©ºç™½çš„ç›®æ ‡é•œåƒæ–‡ä»¶, å¤§å°æ˜¯ 896 MB ...
896+0 records in
896+0 records out
939524096 bytes (940 MB, 896 MiB) copied, 6.48618 s, 145 MB/s
ç©ºç™½é•œåƒåˆ›å»ºæˆåŠŸ
è®¾ç½®åˆ†åŒºå¾ªç¯è®¾å¤‡ ... æˆåŠŸ: [/dev/loop2]

å¯¹ç£ç›˜è®¾å¤‡ [/dev/loop2] è¿›è¡Œåˆ†åŒº ...
åˆ›å»ºæ–°çš„åˆ†åŒºè¡¨ ... æˆåŠŸ
åˆ›å»ºç¬¬ [1] ä¸ªåˆ†åŒº, åˆ†åŒºå¤§å°: [160] MB, åˆ†åŒºç±»å‹: [fat32] ... æˆåŠŸ
åˆ›å»ºç¬¬ [2] ä¸ªåˆ†åŒº, åˆ†åŒºå¤§å°: æ‰€æœ‰å‰©ä½™ç©ºé—´, åˆ†åŒºç±»å‹: [btrfs] ... æˆåŠŸ
[/dev/loop2] ç£ç›˜åˆ†åŒºä¸€è§ˆ:
===================================================================
Disk /dev/loop2: 896 MiB, 939524096 bytes, 1835008 sectors
Units: sectors of 1 configs Dockerfile nohup.out openwrt_build_tmp README.md run_build_use_docker.sh scripts 512 = 512 bytes
Sector size (logical/physical): 512 bytes / 512 bytes
I/O size (minimum/optimal): 512 bytes / 512 bytes
Disklabel type: dos
Disk identifier: 0x5de50aa4

Device Boot Start End Sectors Size Id Type
/dev/loop2p1 32768 360447 327680 160M c W95 FAT32 (LBA)
/dev/loop2p2 360448 1835007 1474560 720M 83 Linux
===================================================================

===================================================================
åœ¨ [/dev/loop2] ä¸Šåˆ›å»ºæ–‡ä»¶ç³»ç»Ÿ ...
The boot label is EMMC_BOOT
æ ¼å¼åŒ– [/dev/loop2p1], ç±»å‹ä¸º [fat32], å·æ ‡ä¸º [EMMC_BOOT] ...
wait for /dev/loop2p1 ...
wait for /dev/loop2p1 ...
wait for /dev/loop2p1 ...
wait for /dev/loop2p1 ...
wait for dev timeout,now retry
openwrt_build
323568b30f329fb74f7a12bc232f4e2f2c5178d6c5eb1a55652c49a517947a68
æ£€æµ‹åˆ°å¼€å¯ä»…æ‰“åŒ…é€‰é¡¹
ARMç›’å­å›ºä»¶å·²å­˜åœ¨
å½“å‰ç¼–è¯‘äº§ç‰©ç›®å½•å·²å­˜åœ¨
è·³è¿‡ç¼–è¯‘æµç¨‹
ARMç›’å­å›ºä»¶å·²å­˜åœ¨
ç¼–è¯‘å®Œæ¯•
å½“å‰ä»“åº“æœ€æ–°å†…æ ¸ç‰ˆæœ¬ï¼š6.1.18-flippy-82+
å¼€å§‹è¿›è¡Œæ‰“åŒ…
æ‰“åŒ…æºç ä¸åº•åŒ…å‡†å¤‡å®Œæ¯•
========================= begin ./mk_h6_vplus.sh =================
The work directory is : [/opt/openwrt_packit/tmp]
The temporary directory is : [/opt/openwrt_packit/tmp/tmp.O6HE9Du3jm]
The target boot directory is : [/opt/openwrt_packit/tmp/tmp.O6HE9Du3jm/tgt_boot]
The target rootfs directory is : [/opt/openwrt_packit/tmp/tmp.O6HE9Du3jm/tgt_root]
The output directory is : [/opt/openwrt_packit/output/]

Use /opt/openwrt_packit/openwrt-armvirt-64-default-rootfs.tar.gz as openwrt rootfs!
check mkfs.btrfs ok
check mkfs.vfat ok
check gawk ok
check uuidgen ok
check losetup ok
check lsblk ok
check fdisk ok
check parted ok

åˆ›å»ºç©ºç™½çš„ç›®æ ‡é•œåƒæ–‡ä»¶, å¤§å°æ˜¯ 896 MB ...
896+0 records in
896+0 records out
939524096 bytes (940 MB, 896 MiB) copied, 6.58646 s, 143 MB/s
ç©ºç™½é•œåƒåˆ›å»ºæˆåŠŸ
è®¾ç½®åˆ†åŒºå¾ªç¯è®¾å¤‡ ... æˆåŠŸ: [/dev/loop2]

å¯¹ç£ç›˜è®¾å¤‡ [/dev/loop2] è¿›è¡Œåˆ†åŒº ...
åˆ›å»ºæ–°çš„åˆ†åŒºè¡¨ ... æˆåŠŸ
åˆ›å»ºç¬¬ [1] ä¸ªåˆ†åŒº, åˆ†åŒºå¤§å°: [160] MB, åˆ†åŒºç±»å‹: [fat32] ... æˆåŠŸ
åˆ›å»ºç¬¬ [2] ä¸ªåˆ†åŒº, åˆ†åŒºå¤§å°: æ‰€æœ‰å‰©ä½™ç©ºé—´, åˆ†åŒºç±»å‹: [btrfs] ... æˆåŠŸ
[/dev/loop2] ç£ç›˜åˆ†åŒºä¸€è§ˆ:
===================================================================
Disk /dev/loop2: 896 MiB, 939524096 bytes, 1835008 sectors
Units: sectors of 1 configs Dockerfile nohup.out openwrt_build_tmp README.md run_build_use_docker.sh scripts 512 = 512 bytes
Sector size (logical/physical): 512 bytes / 512 bytes
I/O size (minimum/optimal): 512 bytes / 512 bytes
Disklabel type: dos
Disk identifier: 0xa4b60faa

Device Boot Start End Sectors Size Id Type
/dev/loop2p1 32768 360447 327680 160M c W95 FAT32 (LBA)
/dev/loop2p2 360448 1835007 1474560 720M 83 Linux
===================================================================

===================================================================
åœ¨ [/dev/loop2] ä¸Šåˆ›å»ºæ–‡ä»¶ç³»ç»Ÿ ...
The boot label is EMMC_BOOT
æ ¼å¼åŒ– [/dev/loop2p1], ç±»å‹ä¸º [fat32], å·æ ‡ä¸º [EMMC_BOOT] ...
mkfs.fat 4.2 (2021-01-31)
[/dev/loop2p1] æ ¼å¼åŒ–æˆåŠŸ
The rootfs uuid is 7432d09a-2b19-413c-a055-35e78e9b0ad3
The rootfs label is EMMC_ROOTFS1
æ ¼å¼åŒ– [/dev/loop2p2], ç±»å‹ä¸º [btrfs], å·æ ‡ä¸º [EMMC_ROOTFS1] ...
btrfs-progs v5.19
See http://btrfs.wiki.kernel.org for more information.

Performing full device TRIM /dev/loop2p2 (720.00MiB) ...
NOTE: several default settings have changed in version 5.15, please make sure
this does not affect your deployments:
- DUP for metadata (-m dup)
- enabled no-holes (-O no-holes)
- enabled free-space-tree (-R free-space-tree)

Label: EMMC_ROOTFS1
UUID: 7432d09a-2b19-413c-a055-35e78e9b0ad3
Node size: 16384
Sector size: 4096
Filesystem size: 720.00MiB
Block group profiles:
Data: single 8.00MiB
Metadata: single 8.00MiB
System: single 4.00MiB
SSD detected: no
Zoned device: no
Incompat features: extref, skinny-metadata, no-holes
Runtime features: free-space-tree
Checksum: crc32c
Number of devices: 1
Devices:
ID SIZE PATH
1 720.00MiB /dev/loop2p2

[/dev/loop2p2] æ ¼å¼åŒ–æˆåŠŸ
[/dev/loop2] æ–‡ä»¶ç³»ç»Ÿå·²åˆ›å»º.
===================================================================

æŒ‚è½½ /dev/loop2p1 --> /opt/openwrt_packit/tmp/tmp.O6HE9Du3jm/tgt_boot ... æˆåŠŸ
æŒ‚è½½ /dev/loop2p2 --> /opt/openwrt_packit/tmp/tmp.O6HE9Du3jm/tgt_root ... æˆåŠŸ
åˆ›å»º /etc å­å· ...
Create subvolume '/opt/openwrt_packit/tmp/tmp.O6HE9Du3jm/tgt_root/etc'
é‡Šæ”¾ Openwrt rootfs å‹ç¼©åŒ… ... å®Œæˆ
è£å‡ Rootfs ä¸­ç”¨ä¸åˆ°çš„æ–‡ä»¶ ... å®Œæˆ
é‡æ–°é“¾æ¥ kmod ç¨‹åº ... å®Œæˆ
é‡Šæ”¾ Armbian firmware å‹ç¼©åŒ… ... å®Œæˆ
å¤åˆ¶ Added firmware æ–‡ä»¶ ... å®Œæˆ
ä¼˜åŒ– firmware ... å®Œæˆ
é‡Šæ”¾ Kernel modules å‹ç¼©åŒ… ... å®Œæˆ
é‡Šæ”¾ Kernel zImageã€uInitrd åŠ dtbs å‹ç¼©åŒ… ... å®Œæˆ
ä¿®æ”¹å¼•å¯¼åˆ†åŒºç›¸å…³é…ç½® ...
'/opt/openwrt_packit/files/vplus/boot/boot.cmd' -> 'boot.cmd'
'/opt/openwrt_packit/files/vplus/boot/boot.scr' -> 'boot.scr'
uEnv.txt -->
======================================================================================
LINUX=/zImage
INITRD=/uInitrd

# æ™®é€šç‰ˆ 1800Mhz
FDT=/dtb/allwinner/sun50i-h6-vplus-cloud.dtb
# è¶…é¢‘ç‰ˆ 2016Mhz
#FDT=/dtb/allwinner/sun50i-h6-vplus-cloud-2ghz.dtb

APPEND=root=UUID=7432d09a-2b19-413c-a055-35e78e9b0ad3 rootfstype=btrfs rootflags=compress=zstd:6 console=ttyS0,115200n8 no_console_suspend consoleblank=0 fsck.fix=yes fsck.repair=yes net.ifnames=0 cgroup_enable=cpuset cgroup_memory=1 cgroup_enable=memory swapaccount=1
======================================================================================

ä¿®æ”¹æ ¹æ–‡ä»¶ç³»ç»Ÿç›¸å…³é…ç½® ...
å¤åˆ¶å¢è¡¥çš„æ–‡ä»¶ ...
===============================================================================
'/opt/openwrt_packit/files/vplus/daemon.json' -> './etc/docker/daemon.json'
'/opt/openwrt_packit/files/coremark.sh' -> './etc/coremark.sh'
'/opt/openwrt_packit/files/scripts_deprecated/flippy_cn' -> './usr/sbin/flippy_cn'
'/opt/openwrt_packit/files/openwrt-kernel' -> './usr/sbin/openwrt-kernel'
'/opt/openwrt_packit/files/openwrt-backup' -> './usr/sbin/openwrt-backup'
'flippy' -> 'openwrt-backup'
'/opt/openwrt_packit/files/openwrt-update-allwinner' -> './usr/sbin/openwrt-update-allwinner'
'/opt/openwrt_packit/files/openwrt-ddbr' -> './usr/sbin/openwrt-ddbr'
'/opt/openwrt_packit/files/balethirq.pl' -> './usr/sbin/balethirq.pl'
'/opt/openwrt_packit/files/vplus/balance_irq' -> 'etc/balance_irq'
'/opt/openwrt_packit/files/fixcpufreq.pl' -> './usr/sbin/fixcpufreq.pl'
patching file etc/init.d/sysfixtime
Hunk #1 succeeded at 6 with fuzz 1.
Hunk #2 FAILED at 17.
1 out of 2 hunks FAILED -- saving rejects to file etc/init.d/sysfixtime.rej
'/opt/openwrt_packit/files/cpustat' -> './usr/bin/cpustat'
'/opt/openwrt_packit/files/getcpu' -> './bin/getcpu'
'/opt/openwrt_packit/files/30-sysinfo.sh' -> './etc/profile.d/30-sysinfo.sh'
'/opt/openwrt_packit/files/rgb/etc/config/rgb' -> './etc/config/rgb'
'/opt/openwrt_packit/files/rgb/etc/init.d/rgb' -> './etc/init.d/rgb'
'/opt/openwrt_packit/files/rgb/etc/rc.d/S99rgb' -> './etc/rc.d/S99rgb'
'/opt/openwrt_packit/files/rgb/usr/bin/rgb' -> './usr/bin/rgb'
'/opt/openwrt_packit/files/vplus/rgb' -> './etc/config/rgb'
'/opt/openwrt_packit/files/7z' -> './usr/bin/7z'
===============================================================================
å®Œæˆ

é‡Šæ”¾åŸºäº glibc çš„å¢è¡¥ç¨‹åºåŒ… ... å®Œæˆ

è°ƒæ•´ docker server é…ç½® ...
'/opt/openwrt_packit/files/DockerReadme.pdf' -> './www/DockerReadme.pdf'
å‘ç° dockerd æœåŠ¡ï¼Œæ­£åœ¨è°ƒæ•´ ...
é»˜è®¤å…³é—­ dockerd æœåŠ¡ ...
å®Œæˆ

è°ƒæ•´ openssl é…ç½® ...
ç¦ç”¨ devcrypto å¼•æ“ ... å®Œæˆ
è°ƒæ•´å®Œæˆ

è°ƒæ•´ qbittorrent é…ç½® ... æœªå‘ç° qbittorrent é…ç½®æ–‡ä»¶, æ”¾å¼ƒè°ƒæ•´
è°ƒæ•´ getty é…ç½® ...å®Œæˆ
è°ƒæ•´ samba server é…ç½® ...
å‘ç° samba4, å°†å¯ç”¨ smbv1 åè®®.
sed: can't read ./usr/share/luci/menu.d/luci-app-samba4.json: No such file or directory
patching file etc/samba/smb.conf.template
å®Œæˆ

è°ƒæ•´ nfs server é…ç½® ...
å®Œæˆ, åˆå§‹ nfs é…ç½®æ–‡ä»¶ä¸ºï¼š
===============================================================================
cat: /opt/openwrt_packit/tmp/tmp.O6HE9Du3jm/tgt_root/etc/config/nfs: No such file or directory
===============================================================================

è°ƒæ•´ openssh é…ç½® ...
===============================================================================
æœªå‘ç° openssh é…ç½®æ–‡ä»¶ï¼Œ æ”¾å¼ƒè°ƒæ•´
===============================================================================

è°ƒæ•´ openclash é…ç½® ... æœªå‘ç° openclash, æ”¾å¼ƒè°ƒæ•´
åˆ›å»º fstab é…ç½®æ–‡ä»¶ ...
å½“å‰ fstab å†…å®¹å¦‚ä¸‹ï¼š
===============================================
config global
option anon_swap '0'
option auto_swap '0'
option anon_mount '1'
option auto_mount '1'
option delay_root '5'
option check_fs '0'

config mount
option target '/overlay'
option enabled '1'
option enabled_fsck '1'
option uuid '7432d09a-2b19-413c-a055-35e78e9b0ad3'
option fstype 'btrfs'
option options 'compress=zstd:6'

config mount
option target '/boot'
option enabled '1'
option enabled_fsck '1'
option label 'EMMC_BOOT'
option fstype 'vfat'

===============================================

è°ƒæ•´ turboacc é…ç½® ... å®Œæˆ
è°ƒæ•´ ntfs é…ç½® ... å‘ç° ntfs3, è°ƒæ•´å®Œæˆ
æ‰“è¡¥ä¸ï¼š[çŠ¶æ€é¡µé¢ç›¸å…³ä¿¡æ¯è¡¥ä¸] ...
patching file usr/lib/lua/luci/view/admin_status/index.htm
Hunk #4 succeeded at 654 (offset -42 lines).
Hunk #5 succeeded at 734 (offset -42 lines).
Hunk #6 succeeded at 742 (offset -42 lines).
Hunk #7 succeeded at 767 (offset -42 lines).
è¡¥ä¸æˆåŠŸ
å®Œæˆ

è°ƒæ•´å†…æ ¸ã€ç¡¬ä»¶é©±åŠ¨ç­‰ç›¸å…³ç¯å¢ƒ ...
===============================================================================
å¯ç”¨è‡ªå®šä¹‰çš„å†…æ ¸ä¼˜åŒ–å‚æ•° ...
'/opt/openwrt_packit/files/99-custom.conf' -> './etc/sysctl.d/99-custom.conf'
ç¦ç”¨é»‘åå•ä¸­çš„å†…æ ¸æ¨¡å— ... å®Œæˆ
å½“å‰æœºå‹å¹¶æœªå†…ç½® broadcom æ— çº¿æ¨¡å—, ç¦ç”¨ brcmfmac é©±åŠ¨ ... å®Œæˆ
å¯ç”¨ USB AX88179 ç½‘å¡é©±åŠ¨ ... å®Œæˆ
å¯ç”¨ USB RTL8152/8153/8156 ç½‘å¡é©±åŠ¨ ... å®Œæˆ
å¯ç”¨ USB Realtek RTL8188EU æ— çº¿ç½‘å¡é©±åŠ¨ ... å®Œæˆ
configs Dockerfile nohup.out openwrt_build_tmp README.md run_build_use_docker.sh scripts æ˜¯å¦å¯ç”¨è¯·è‡ªè¡Œæµ‹è¯•
å¯ç”¨ USB Ralink æ— çº¿ç½‘å¡é©±åŠ¨ ... å®Œæˆ
configs Dockerfile nohup.out openwrt_build_tmp README.md run_build_use_docker.sh scripts å¦‚æœæœ‰ Ralink rt2xxx/rt3xxx/rt5xxx ç³»åˆ—USBæ— çº¿ç½‘å¡çš„è¯ï¼Œæ’ä¸ŠåŸºæœ¬èƒ½ç”¨
å¯ç”¨ USB Mediatek æ— çº¿ç½‘å¡é©±åŠ¨ ... å®Œæˆ
configs Dockerfile nohup.out openwrt_build_tmp README.md run_build_use_docker.sh scripts å¦‚æœæœ‰ Mediatek mt7601u/mt7610u/mt7612u/mt7663u ç³»åˆ—USBæ— çº¿ç½‘å¡çš„è¯ï¼Œæ’ä¸ŠåŸºæœ¬èƒ½ç”¨
å¯ç”¨çœ‹é—¨ç‹—é©±åŠ¨ ... å®Œæˆ
===============================================================================
å®Œæˆ

æ£€æµ‹åˆ° vplus æœºå‹ï¼Œæ­£åœ¨æŠŠ u-boot ç›¸å…³æ–‡ä»¶å†™å…¥åˆ° /lib/u-bootç›®å½•ä¸­å¤‡ç”¨ ...
'/opt/openwrt_packit/files/vplus/u-boot-v2022.04/u-boot-sunxi-with-spl.bin' -> './lib/u-boot/u-boot-sunxi-with-spl.bin'
'/opt/openwrt_packit/files/vplus/u-boot-v2022.04/update-u-boot.sh' -> './lib/u-boot/update-u-boot.sh'
å®Œæˆ

å†™å…¥ release ä¿¡æ¯ ...
PLATFORM=allwinner
SOC=h6
BOARD=vplus
KERNEL_VERSION=6.1.18-flippy-82+
K510=

å†™å…¥ banner ä¿¡æ¯ ...
[35m~~~~~~~~~~~~~~~~~~~~~~~~~~~~~~~~~~~~~~~~~~~~~~[0m
[35m ____ _ __ __ /[0m
[34m / __ ____ ___ ____| | / /____/ /_ /[0m
[36m / / / / __ / _ / __ | /| / / ___/ __/ /[0m
[32m / /_/ / /_/ / __/ / / / |/ |/ / / / /_ /[0m
[32m ____/ .___/___/_/ /_/|__/|__/_/ __/ /[0m
[33m /_/ W I R E L E S S F R E E D O M /[0m
[33m /[0m
[31m~~~~~~~~~~~~~~~~~~~~~~~~~~~~~~~~~~~~~~~~~~~~~~[0m
Base on OpenWrt R23.03.14 by lean & lienol
Kernel 6.1.18-flippy-82+
Packaged by èœå¤´å› on 2023-03-14
PLATFORM: allwinner SOC: h6 BOARD: vplus


åˆ›å»º [åˆæ¬¡ä½¿ç”¨] åº”ç”¨ç¯å¢ƒ ...
'/opt/openwrt_packit/files/first_run.sh' -> './etc/first_run.sh'
'./etc/rc.local' -> './etc/rc.local.orig'
å®Œæˆ

åˆ›å»ºåˆå§‹å¿«ç…§: /etc -> /.snapshots/etc-000
Create a readonly snapshot of 'etc' in '.snapshots/etc-000'
å®Œæˆ

å†™å…¥ bootloader ...
dd if=/opt/openwrt_packit/files/vplus/u-boot-v2022.04/u-boot-sunxi-with-spl.bin of=/dev/loop2 conv=fsync,notrunc bs=1024 seek=8
762+1 records in
762+1 records out
781059 bytes (781 kB, 763 KiB) copied, 0.0175069 s, 44.6 MB/s
å®Œæˆ

æ¸…ç†ç¯å¢ƒ ... å®Œæˆ

é•œåƒå·²ç”Ÿæˆ, å­˜æ”¾åœ¨ /opt/openwrt_packit/output/ ä¸‹é¢
========================== end ./mk_h6_vplus.sh ================================

æ­£åœ¨å‹ç¼©é•œåƒä¸­

7-Zip [64] 16.02 : Copyright (c) 1999-2016 Igor Pavlov : 2016-05-21
p7zip Version 16.02 (locale=C,Utf16=off,HugeFiles=on,64 bits,2 CPUs Intel(R) Xeon(R) Gold 6133 CPU @ 2.50GHz (506E3),ASM,AES-NI)

Scanning the drive:
1 file, 939524096 bytes (896 MiB)

Creating archive: /opt/artifact/vplus/openwrt_h6_vplus_R23.03.14_k6.1.18-flippy-82+.img.7z

Items to compress: 1


Files read from disk: 1
Archive size: 310852429 bytes (297 MiB)
Everything is Ok
ç¼–è¯‘å›ºä»¶æˆåŠŸï¼švplus
ç¼–è¯‘æˆåŠŸ
